<?xml version="1.0" encoding="UTF-8"?>
<!-- Generated by org.testng.reporters.JUnitReportReporter -->
<testsuite hostname="Dell-i37-9Z1F2P2-w11x64" failures="0" tests="1" name="ExtentReportsV4_Demo.ExtentDemo" time="19.865" errors="0" timestamp="2025-04-01T11:34:57 IST" skipped="0">
  <testcase classname="ExtentReportsV4_Demo.ExtentDemo" name="titleTest" time="19.865"/>
</testsuite> <!-- ExtentReportsV4_Demo.ExtentDemo -->
