<?xml version="1.0" encoding="UTF-8"?>
<!-- Generated by org.testng.reporters.JUnitReportReporter -->
<testsuite hostname="Dell-i37-9Z1F2P2-w11x64" failures="0" tests="1" name="ExtentReportsV4_Demo.ExtentReportsV4" time="5.724" errors="0" timestamp="2023-12-08T12:59:43 IST" skipped="0">
  <testcase classname="ExtentReportsV4_Demo.ExtentReportsV4" name="setUp" time="5.724"/>
</testsuite> <!-- ExtentReportsV4_Demo.ExtentReportsV4 -->
