<?xml version="1.0" encoding="UTF-8"?>
<!-- Generated by org.testng.reporters.JUnitReportReporter -->
<testsuite hostname="Dell-i37-9Z1F2P2-w11x64" failures="0" tests="1" name="ExtentReportsV4_Demo.ExtentDemo" time="21.418" errors="0" timestamp="2023-12-13T12:44:26 IST" skipped="0">
  <testcase classname="ExtentReportsV4_Demo.ExtentDemo" name="titleTest" time="21.418"/>
</testsuite> <!-- ExtentReportsV4_Demo.ExtentDemo -->
