<?xml version="1.0" encoding="UTF-8"?>
<!-- Generated by org.testng.reporters.JUnitReportReporter -->
<testsuite hostname="DESKTOP-C8DN33F" failures="0" tests="1" name="maventest.pack.DemoTest" time="15.914" errors="0" timestamp="2021-08-07T14:24:57 IST" skipped="0">
  <testcase classname="maventest.pack.DemoTest" name="setUp" time="15.914"/>
</testsuite> <!-- maventest.pack.DemoTest -->
