<?xml version="1.0" encoding="UTF-8"?>
<!-- Generated by org.testng.reporters.JUnitReportReporter -->
<testsuite hostname="Dell-i37-9Z1F2P2-w11x64" failures="0" tests="1" name="api.test.Z1_PutRequestEx" time="3.969" errors="0" timestamp="2025-07-31T14:28:18 IST" skipped="0">
  <testcase classname="api.test.Z1_PutRequestEx" name="postRequest" time="3.969"/>
</testsuite> <!-- api.test.Z1_PutRequestEx -->
