<?xml version="1.0" encoding="UTF-8"?>
<!-- Generated by org.testng.reporters.JUnitReportReporter -->
<testsuite hostname="Dell-i37-9Z1F2P2-w11x64" failures="0" tests="9" name="api.test.DDTests" time="16.227" errors="0" timestamp="2024-01-12T12:25:45 IST" skipped="0">
  <testcase classname="api.test.DDTests" name="testPostUser" time="1.405"/>
  <testcase classname="api.test.DDTests" name="testPostUser" time="1.394"/>
  <testcase classname="api.test.DDTests" name="testPostUser" time="4.697"/>
  <testcase classname="api.test.DDTests" name="testGetUser" time="1.433"/>
  <testcase classname="api.test.DDTests" name="testGetUser" time="1.540"/>
  <testcase classname="api.test.DDTests" name="testGetUser" time="1.461"/>
  <testcase classname="api.test.DDTests" name="testDeleteUserByName" time="1.386"/>
  <testcase classname="api.test.DDTests" name="testDeleteUserByName" time="1.467"/>
  <testcase classname="api.test.DDTests" name="testDeleteUserByName" time="1.444"/>
</testsuite> <!-- api.test.DDTests -->
