<?xml version="1.0" encoding="UTF-8"?>
<!-- Generated by org.testng.reporters.JUnitReportReporter -->
<testsuite hostname="Dell-i37-9Z1F2P2-w11x64" failures="0" tests="4" name="api.test.UserTests" time="12.965" errors="0" timestamp="2024-01-10T21:27:39 IST" skipped="0">
  <testcase classname="api.test.UserTests" name="testPostUser" time="5.078"/>
  <testcase classname="api.test.UserTests" name="getUserByName" time="1.581"/>
  <testcase classname="api.test.UserTests" name="testUpadateUserByName" time="4.684"/>
  <testcase classname="api.test.UserTests" name="testDeleteUserByName" time="1.622"/>
</testsuite> <!-- api.test.UserTests -->
