<?xml version="1.0" encoding="UTF-8"?>
<!-- Generated by org.testng.reporters.JUnitReportReporter -->
<testsuite hostname="Dell-i37-9Z1F2P2-w11x64" failures="0" tests="4" name="api.test.UserTests" time="12.056" errors="0" timestamp="2024-01-12T13:51:47 IST" skipped="0">
  <testcase classname="api.test.UserTests" name="testPostUser" time="4.390"/>
  <testcase classname="api.test.UserTests" name="getUserByName" time="1.497"/>
  <testcase classname="api.test.UserTests" name="testUpadateUserByName" time="4.219"/>
  <testcase classname="api.test.UserTests" name="testDeleteUserByName" time="1.950"/>
</testsuite> <!-- api.test.UserTests -->
