<?xml version="1.0" encoding="UTF-8"?>
<!-- Generated by org.testng.reporters.JUnitReportReporter -->
<testsuite hostname="Dell-i37-9Z1F2P2-w11x64" failures="0" tests="12" name="api.test.DDTests" time="32.387" errors="0" timestamp="2024-01-10T21:25:25 IST" skipped="0">
  <testcase classname="api.test.DDTests" name="testPostUser" time="1.574"/>
  <testcase classname="api.test.DDTests" name="testPostUser" time="1.575"/>
  <testcase classname="api.test.DDTests" name="testPostUser" time="4.627"/>
  <testcase classname="api.test.DDTests" name="testGetUser" time="1.595"/>
  <testcase classname="api.test.DDTests" name="testGetUser" time="1.581"/>
  <testcase classname="api.test.DDTests" name="testGetUser" time="1.684"/>
  <testcase classname="api.test.DDTests" name="testUpdateUser" time="4.723"/>
  <testcase classname="api.test.DDTests" name="testUpdateUser" time="5.628"/>
  <testcase classname="api.test.DDTests" name="testUpdateUser" time="4.696"/>
  <testcase classname="api.test.DDTests" name="testDeleteUserByName" time="1.554"/>
  <testcase classname="api.test.DDTests" name="testDeleteUserByName" time="1.545"/>
  <testcase classname="api.test.DDTests" name="testDeleteUserByName" time="1.605"/>
</testsuite> <!-- api.test.DDTests -->
