<?xml version="1.0" encoding="UTF-8"?>
<!-- Generated by org.testng.reporters.JUnitReportReporter -->
<testsuite hostname="Dell-i37-9Z1F2P2-w11x64" failures="0" tests="4" name="api.test.UserTests" time="10.879" errors="0" timestamp="2024-01-09T20:50:50 IST" skipped="0">
  <testcase classname="api.test.UserTests" name="testPostUser" time="4.976"/>
  <testcase classname="api.test.UserTests" name="getUserByName" time="1.488"/>
  <testcase classname="api.test.UserTests" name="testUpadateUserByName" time="2.942"/>
  <testcase classname="api.test.UserTests" name="testDeleteUserByName" time="1.473"/>
</testsuite> <!-- api.test.UserTests -->
