<?xml version="1.0" encoding="UTF-8"?>
<!-- Generated by org.testng.reporters.JUnitReportReporter -->
<testsuite hostname="Dell-i37-9Z1F2P2-w11x64" failures="0" tests="4" name="api.test.UserTests2ReadDataFromPropertiesFile" time="13.151" errors="0" timestamp="2024-01-12T13:57:01 IST" skipped="0">
  <testcase classname="api.test.UserTests2ReadDataFromPropertiesFile" name="testPostUser" time="4.359"/>
  <testcase classname="api.test.UserTests2ReadDataFromPropertiesFile" name="getUserByName" time="1.432"/>
  <testcase classname="api.test.UserTests2ReadDataFromPropertiesFile" name="testUpadateUserByName" time="5.502"/>
  <testcase classname="api.test.UserTests2ReadDataFromPropertiesFile" name="testDeleteUserByName" time="1.858"/>
</testsuite> <!-- api.test.UserTests2ReadDataFromPropertiesFile -->
