<?xml version="1.0" encoding="UTF-8"?>
<!-- Generated by org.testng.reporters.JUnitReportReporter -->
<testsuite hostname="Dell-i37-9Z1F2P2-w11x64" failures="0" tests="1" name="api.test.Z2_PutRequestEx" time="4.840" errors="0" timestamp="2025-07-31T18:17:36 IST" skipped="0">
  <testcase classname="api.test.Z2_PutRequestEx" name="putRequest" time="4.840"/>
</testsuite> <!-- api.test.Z2_PutRequestEx -->
