<?xml version="1.0" encoding="UTF-8"?>
<!-- Generated by org.testng.reporters.JUnitReportReporter -->
<testsuite hostname="Dell-i37-9Z1F2P2-w11x64" failures="0" tests="1" name="api.test.Z3_PatchRequestEx" time="4.636" errors="0" timestamp="2025-07-31T14:48:29 IST" skipped="0">
  <testcase classname="api.test.Z3_PatchRequestEx" name="patchRequest" time="4.636"/>
</testsuite> <!-- api.test.Z3_PatchRequestEx -->
