<?xml version="1.0" encoding="UTF-8"?>
<!-- Generated by org.testng.reporters.JUnitReportReporter -->
<testsuite hostname="Dell-i37-9Z1F2P2-w11x64" failures="0" tests="1" name="E04_ParsingJSONResponseData.E04_ParsingJSONResponseData" time="2.502" errors="0" timestamp="2024-01-03T20:48:24 IST" skipped="0">
  <testcase classname="E04_ParsingJSONResponseData.E04_ParsingJSONResponseData" name="testJsonResponseBodyData" time="2.502"/>
</testsuite> <!-- E04_ParsingJSONResponseData.E04_ParsingJSONResponseData -->
