<?xml version="1.0" encoding="UTF-8"?>
<!-- Generated by org.testng.reporters.JUnitReportReporter -->
<testsuite hostname="Dell-i37-9Z1F2P2-w11x64" failures="0" tests="1" name="E05_ParsingXMLResponseData.E05b_FileUploadAndDownload" time="4.778" errors="0" timestamp="2024-01-04T18:16:35 IST" skipped="0">
  <testcase classname="E05_ParsingXMLResponseData.E05b_FileUploadAndDownload" name="fileDownload" time="4.778"/>
</testsuite> <!-- E05_ParsingXMLResponseData.E05b_FileUploadAndDownload -->
