<?xml version="1.0" encoding="UTF-8"?>
<!-- Generated by org.testng.reporters.JUnitReportReporter -->
<testsuite hostname="Dell-i37-9Z1F2P2-w11x64" failures="0" tests="1" name="E08_API_Chaining.E08a_CreateUser" time="5.017" errors="0" timestamp="2024-06-10T14:17:10 IST" skipped="0">
  <testcase classname="E08_API_Chaining.E08a_CreateUser" name="createUser" time="5.017"/>
</testsuite> <!-- E08_API_Chaining.E08a_CreateUser -->
