<?xml version="1.0" encoding="UTF-8"?>
<!-- Generated by org.testng.reporters.JUnitReportReporter -->
<testsuite hostname="Dell-i37-9Z1F2P2-w11x64" failures="0" tests="1" name="E07_Authentications.FakerDataGenerator" time="0.492" errors="0" timestamp="2025-01-30T18:46:14 IST" skipped="0">
  <testcase classname="E07_Authentications.FakerDataGenerator" name="testFakerDataaGenerator" time="0.492"/>
</testsuite> <!-- E07_Authentications.FakerDataGenerator -->
