<?xml version="1.0" encoding="UTF-8"?>
<!-- Generated by org.testng.reporters.JUnitReportReporter -->
<testsuite hostname="Dell-i37-9Z1F2P2-w11x64" failures="0" tests="1" name="E03_PathAndQueryParameters.E03c_HeadersDemo" time="3.535" errors="0" timestamp="2024-01-03T14:48:18 IST" skipped="0">
  <testcase classname="E03_PathAndQueryParameters.E03c_HeadersDemo" name="getAllHeaders" time="3.535"/>
</testsuite> <!-- E03_PathAndQueryParameters.E03c_HeadersDemo -->
