<?xml version="1.0" encoding="UTF-8"?>
<!-- Generated by org.testng.reporters.JUnitReportReporter -->
<testsuite hostname="Dell-i37-9Z1F2P2-w11x64" failures="0" tests="1" name="E02_WaysToCreateRequestBody.E02_WaysToCreateRequestBody" time="2.529" errors="0" timestamp="2024-01-03T12:59:33 IST" skipped="0">
  <testcase classname="E02_WaysToCreateRequestBody.E02_WaysToCreateRequestBody" name="testDelete" time="2.529"/>
</testsuite> <!-- E02_WaysToCreateRequestBody.E02_WaysToCreateRequestBody -->
