<?xml version="1.0" encoding="UTF-8"?>
<!-- Generated by org.testng.reporters.JUnitReportReporter -->
<testsuite hostname="Dell-i37-9Z1F2P2-w11x64" failures="0" tests="1" name="E06_JSONandXMLSchemaValidation.E06a_JSONSchemaValidation3" time="3.782" errors="0" timestamp="2024-06-07T19:12:06 IST" skipped="0">
  <testcase classname="E06_JSONandXMLSchemaValidation.E06a_JSONSchemaValidation3" name="jsonSchemaValidation" time="3.782"/>
</testsuite> <!-- E06_JSONandXMLSchemaValidation.E06a_JSONSchemaValidation3 -->
