<?xml version="1.0" encoding="UTF-8"?>
<!-- Generated by org.testng.reporters.JUnitReportReporter -->
<testsuite hostname="Dell-i37-9Z1F2P2-w11x64" failures="0" tests="1" name="E06_JSONandXMLSchemaValidation.E06b_XMLSchemaValidation" time="2.853" errors="0" timestamp="2024-01-04T20:55:29 IST" skipped="0">
  <testcase classname="E06_JSONandXMLSchemaValidation.E06b_XMLSchemaValidation" name="xmlSchemaValidation" time="2.853"/>
</testsuite> <!-- E06_JSONandXMLSchemaValidation.E06b_XMLSchemaValidation -->
