<?xml version="1.0" encoding="UTF-8"?>
<!-- Generated by org.testng.reporters.JUnitReportReporter -->
<testsuite hostname="Dell-i37-9Z1F2P2-w11x64" failures="0" tests="1" name="E07_Authentications.E07_Authentications" time="3.684" errors="0" timestamp="2024-01-05T16:13:58 IST" skipped="0">
  <testcase classname="E07_Authentications.E07_Authentications" name="testAPIKeyAuthentication" time="3.684"/>
</testsuite> <!-- E07_Authentications.E07_Authentications -->
