<?xml version="1.0" encoding="UTF-8"?>
<!-- Generated by org.testng.reporters.JUnitReportReporter -->
<testsuite hostname="Dell-i37-9Z1F2P2-w11x64" failures="0" tests="1" name="E08_API_Chaining.E08c_updateUser" time="0.417" errors="0" timestamp="2024-01-05T21:43:43 IST" skipped="0">
  <testcase classname="E08_API_Chaining.E08c_updateUser" name="createUser" time="0.417"/>
</testsuite> <!-- E08_API_Chaining.E08c_updateUser -->
