<?xml version="1.0" encoding="UTF-8"?>
<!-- Generated by org.testng.reporters.JUnitReportReporter -->
<testsuite hostname="Dell-i37-9Z1F2P2-w11x64" failures="0" tests="1" name="E05_ParsingXMLResponseData.E05a_ParsingXMLResponseData" time="4.986" errors="1" timestamp="2024-06-03T14:08:44 IST" skipped="0">
  <testcase classname="E05_ParsingXMLResponseData.E05a_ParsingXMLResponseData" name="testXmlResponse_Approach3" time="4.986">
    <error message="Failed to parse the XML document" type="io.restassured.path.xml.exception.XmlPathException">
      <![CDATA[io.restassured.path.xml.exception.XmlPathException: Failed to parse the XML document
at io.restassured.path.xml.XmlPath$LazyXmlParser.invoke(XmlPath.java:1039)
at io.restassured.path.xml.XmlPath.getFromPath(XmlPath.java:423)
at io.restassured.path.xml.XmlPath.get(XmlPath.java:317)
at io.restassured.path.xml.XmlPath.getAsList(XmlPath.java:882)
at io.restassured.path.xml.XmlPath.getAsList(XmlPath.java:878)
at io.restassured.path.xml.XmlPath.getList(XmlPath.java:330)
at E05_ParsingXMLResponseData.E05a_ParsingXMLResponseData.testXmlResponse_Approach3(E05a_ParsingXMLResponseData.java:74)
at java.base/jdk.internal.reflect.DirectMethodHandleAccessor.invoke(DirectMethodHandleAccessor.java:103)
at java.base/java.lang.reflect.Method.invoke(Method.java:580)
at org.testng.internal.invokers.MethodInvocationHelper.invokeMethod(MethodInvocationHelper.java:139)
at org.testng.internal.invokers.TestInvoker.invokeMethod(TestInvoker.java:664)
at org.testng.internal.invokers.TestInvoker.invokeTestMethod(TestInvoker.java:227)
at org.testng.internal.invokers.MethodRunner.runInSequence(MethodRunner.java:50)
at org.testng.internal.invokers.TestInvoker$MethodInvocationAgent.invoke(TestInvoker.java:957)
at org.testng.internal.invokers.TestInvoker.invokeTestMethods(TestInvoker.java:200)
at org.testng.internal.invokers.TestMethodWorker.invokeTestMethods(TestMethodWorker.java:148)
at org.testng.internal.invokers.TestMethodWorker.run(TestMethodWorker.java:128)
at java.base/java.util.ArrayList.forEach(ArrayList.java:1596)
at org.testng.TestRunner.privateRun(TestRunner.java:848)
at org.testng.TestRunner.run(TestRunner.java:621)
at org.testng.SuiteRunner.runTest(SuiteRunner.java:443)
at org.testng.SuiteRunner.runSequentially(SuiteRunner.java:437)
at org.testng.SuiteRunner.privateRun(SuiteRunner.java:397)
at org.testng.SuiteRunner.run(SuiteRunner.java:336)
at org.testng.SuiteRunnerWorker.runSuite(SuiteRunnerWorker.java:52)
at org.testng.SuiteRunnerWorker.run(SuiteRunnerWorker.java:95)
at org.testng.TestNG.runSuitesSequentially(TestNG.java:1280)
at org.testng.TestNG.runSuitesLocally(TestNG.java:1200)
at org.testng.TestNG.runSuites(TestNG.java:1114)
at org.testng.TestNG.run(TestNG.java:1082)
at org.testng.remote.AbstractRemoteTestNG.run(AbstractRemoteTestNG.java:115)
at org.testng.remote.RemoteTestNG.initAndRun(RemoteTestNG.java:251)
at org.testng.remote.RemoteTestNG.main(RemoteTestNG.java:77)
Caused by: org.xml.sax.SAXParseException; lineNumber: 1; columnNumber: 10; DOCTYPE is disallowed when the feature "http://apache.org/xml/features/disallow-doctype-decl" set to true.
at java.xml/com.sun.org.apache.xerces.internal.parsers.AbstractSAXParser.parse(AbstractSAXParser.java:1251)
at java.xml/com.sun.org.apache.xerces.internal.jaxp.SAXParserImpl$JAXPSAXParser.parse(SAXParserImpl.java:637)
at groovy.xml.XmlSlurper.parse(XmlSlurper.java:199)
at groovy.xml.XmlSlurper.parse(XmlSlurper.java:252)
at groovy.xml.XmlSlurper.parseText(XmlSlurper.java:282)
at io.restassured.path.xml.XmlPath$1.method(XmlPath.java:840)
at io.restassured.path.xml.XmlPath$LazyXmlParser.invoke(XmlPath.java:1032)
... 32 more
]]>
    </error>
  </testcase> <!-- testXmlResponse_Approach3 -->
</testsuite> <!-- E05_ParsingXMLResponseData.E05a_ParsingXMLResponseData -->
