<?xml version="1.0" encoding="UTF-8"?>
<!-- Generated by org.testng.reporters.JUnitReportReporter -->
<testsuite hostname="Dell-i37-9Z1F2P2-w11x64" failures="0" tests="1" name="E03_PathAndQueryParameters.E03d_LoggingTypes" time="3.476" errors="0" timestamp="2024-01-03T14:54:40 IST" skipped="0">
  <testcase classname="E03_PathAndQueryParameters.E03d_LoggingTypes" name="testHeaders" time="3.476"/>
</testsuite> <!-- E03_PathAndQueryParameters.E03d_LoggingTypes -->
