<?xml version="1.0" encoding="UTF-8"?>
<!-- Generated by org.testng.reporters.JUnitReportReporter -->
<testsuite hostname="Dell-i37-9Z1F2P2-w11x64" failures="0" tests="1" name="E07_Authentications.FakerDataGenerator" time="0.409" errors="0" timestamp="2024-01-05T16:34:00 IST" skipped="0">
  <testcase classname="E07_Authentications.FakerDataGenerator" name="testFakerDataaGenerator" time="0.409"/>
</testsuite> <!-- E07_Authentications.FakerDataGenerator -->
