<?xml version="1.0" encoding="UTF-8"?>
<!-- Generated by org.testng.reporters.JUnitReportReporter -->
<testsuite hostname="Dell-i37-9Z1F2P2-w11x64" failures="0" tests="1" name="E01_RequestTypes.E01_RequestTypes" time="4.578" errors="0" timestamp="2024-01-03T12:52:03 IST" skipped="0">
  <testcase classname="E01_RequestTypes.E01_RequestTypes" name="createUser" time="4.578"/>
</testsuite> <!-- E01_RequestTypes.E01_RequestTypes -->
