<?xml version="1.0" encoding="UTF-8"?>
<!-- Generated by org.testng.reporters.JUnitReportReporter -->
<testsuite hostname="Dell-i37-9Z1F2P2-w11x64" failures="0" tests="2" name="SeleniumLatestFeaturesGroup.NewFeatures.EX01_SeleniumManager_BrowserManagement2" time="17.349" errors="0" timestamp="2023-11-06T19:02:10 IST" skipped="0">
  <testcase classname="SeleniumLatestFeaturesGroup.NewFeatures.EX01_SeleniumManager_BrowserManagement2" name="testChromeVersion" time="8.287"/>
  <testcase classname="SeleniumLatestFeaturesGroup.NewFeatures.EX01_SeleniumManager_BrowserManagement2" name="testFirefoxVersion" time="9.062"/>
</testsuite> <!-- SeleniumLatestFeaturesGroup.NewFeatures.EX01_SeleniumManager_BrowserManagement2 -->
