<?xml version="1.0" encoding="UTF-8"?>
<!-- Generated by org.testng.reporters.JUnitReportReporter -->
<testsuite hostname="Dell-i37-9Z1F2P2-w11x64" failures="0" tests="2" name="SeleniumLatestFeaturesGroup.NewFeatures.EX01_SeleniumManager_BrowserManagement" time="31.163" errors="0" timestamp="2023-11-06T18:26:32 IST" skipped="0">
  <testcase classname="SeleniumLatestFeaturesGroup.NewFeatures.EX01_SeleniumManager_BrowserManagement" name="testOnFirefox" time="12.203"/>
  <testcase classname="SeleniumLatestFeaturesGroup.NewFeatures.EX01_SeleniumManager_BrowserManagement" name="tesOnChrome" time="18.960"/>
</testsuite> <!-- SeleniumLatestFeaturesGroup.NewFeatures.EX01_SeleniumManager_BrowserManagement -->
