<?xml version="1.0" encoding="UTF-8"?>
<!-- Generated by org.testng.reporters.JUnitReportReporter -->
<testsuite hostname="DESKTOP-S2A13D3" name="TestNG_with_WD.TestNG_FW" tests="1" failures="0" timestamp="17 Oct 2019 14:54:26 GMT" time="18.252" errors="0">
  <testcase name="logIn" time="18.252" classname="TestNG_with_WD.TestNG_FW"/>
</testsuite> <!-- TestNG_with_WD.TestNG_FW -->
