<?xml version="1.0" encoding="UTF-8"?>
<!-- Generated by org.testng.reporters.JUnitReportReporter -->
<testsuite hostname="DESKTOP-S2A13D3" name="TestNG_with_WD.BC_AC_BM_AM" tests="2" failures="0" timestamp="15 Oct 2019 13:13:18 GMT" time="0.018" errors="0">
  <testcase name="userLogin" time="0.003" classname="TestNG_with_WD.BC_AC_BM_AM"/>
  <testcase name="userReg" time="0.015" classname="TestNG_with_WD.BC_AC_BM_AM"/>
</testsuite> <!-- TestNG_with_WD.BC_AC_BM_AM -->
