<?xml version="1.0" encoding="UTF-8"?>
<!-- Generated by org.testng.reporters.JUnitReportReporter -->
<testsuite hostname="DESKTOP-S2A13D3" name="TestNG_with_WD.TestNG_priority" tests="2" failures="0" timestamp="15 Oct 2019 12:04:15 GMT" time="0.015" errors="0">
  <testcase name="userLogin" time="0.014" classname="TestNG_with_WD.TestNG_priority"/>
  <testcase name="regFun" time="0.001" classname="TestNG_with_WD.TestNG_priority"/>
</testsuite> <!-- TestNG_with_WD.TestNG_priority -->
