<?xml version="1.0" encoding="UTF-8"?>
<!-- Generated by org.testng.reporters.JUnitReportReporter -->
<testsuite hostname="DESKTOP-S2A13D3" name="ExtentReportsV4.ExtentDemo" tests="1" failures="0" timestamp="6 Nov 2019 14:15:36 GMT" time="27.893" errors="0">
  <testcase name="titleTest" time="27.893" classname="ExtentReportsV4.ExtentDemo"/>
</testsuite> <!-- ExtentReportsV4.ExtentDemo -->
