<?xml version="1.0" encoding="UTF-8"?>
<!-- Generated by org.testng.reporters.JUnitReportReporter -->
<testsuite hostname="DESKTOP-S2A13D3" name="TestNG_CrossBrowser_Testing.CrossBrowser_Testing" tests="2" failures="0" timestamp="4 Nov 2019 07:53:08 GMT" time="21.709" errors="0">
  <testcase name="userLogin" time="11.060" classname="TestNG_CrossBrowser_Testing.CrossBrowser_Testing"/>
  <testcase name="userLogin" time="10.649" classname="TestNG_CrossBrowser_Testing.CrossBrowser_Testing"/>
</testsuite> <!-- TestNG_CrossBrowser_Testing.CrossBrowser_Testing -->
