<?xml version="1.0" encoding="UTF-8"?>
<!-- Generated by org.testng.reporters.JUnitReportReporter -->
<testsuite hostname="DESKTOP-S2A13D3" name="TestNG_with_WD.TestNG_annotatins" tests="1" failures="0" timestamp="15 Oct 2019 11:47:03 GMT" time="0.043" errors="0">
  <testcase name="uesrLogin" time="0.043" classname="TestNG_with_WD.TestNG_annotatins"/>
</testsuite> <!-- TestNG_with_WD.TestNG_annotatins -->
