<?xml version="1.0" encoding="UTF-8"?>
<!-- Generated by org.testng.reporters.JUnitReportReporter -->
<testsuite hostname="DESKTOP-S2A13D3" name="TestNG_with_WD.EX6_TestNG_dataProvider" tests="4" failures="0" timestamp="19 Oct 2019 07:37:47 GMT" time="54.670" errors="0">
  <testcase name="login" time="14.469" classname="TestNG_with_WD.EX6_TestNG_dataProvider"/>
  <testcase name="login" time="10.055" classname="TestNG_with_WD.EX6_TestNG_dataProvider"/>
  <testcase name="login" time="19.216" classname="TestNG_with_WD.EX6_TestNG_dataProvider"/>
  <testcase name="login" time="10.930" classname="TestNG_with_WD.EX6_TestNG_dataProvider"/>
</testsuite> <!-- TestNG_with_WD.EX6_TestNG_dataProvider -->
