<?xml version="1.0" encoding="UTF-8"?>
<!-- Generated by org.testng.reporters.JUnitReportReporter -->
<testsuite hostname="DESKTOP-S2A13D3" name="TestNG_Simple2.Class003" tests="2" failures="0" timestamp="17 Oct 2019 12:55:23 GMT" time="0.005" errors="0">
  <testcase name="method02" time="0.003" classname="TestNG_Simple2.Class003"/>
  <testcase name="method01" time="0.002" classname="TestNG_Simple2.Class003"/>
</testsuite> <!-- TestNG_Simple2.Class003 -->
