<?xml version="1.0" encoding="UTF-8"?>
<!-- Generated by org.testng.reporters.JUnitReportReporter -->
<testsuite hostname="DESKTOP-S2A13D3" name="TestNG_Simple1.Class002" tests="2" failures="0" timestamp="17 Oct 2019 12:55:23 GMT" time="0.008" errors="0">
  <testcase name="method01" time="0.003" classname="TestNG_Simple1.Class002"/>
  <testcase name="method02" time="0.005" classname="TestNG_Simple1.Class002"/>
</testsuite> <!-- TestNG_Simple1.Class002 -->
