<?xml version="1.0" encoding="UTF-8"?>
<!-- Generated by org.testng.reporters.JUnitReportReporter -->
<testsuite hostname="DESKTOP-S2A13D3" name="TestNG_with_WD.EX4_BC_AC_BM_AM" tests="3" failures="0" timestamp="2 Nov 2019 12:27:32 GMT" time="0.000" errors="0">
  <testcase name="secuserReg" time="0.000" classname="TestNG_with_WD.EX4_BC_AC_BM_AM"/>
  <testcase name="userLogin" time="0.000" classname="TestNG_with_WD.EX4_BC_AC_BM_AM"/>
  <testcase name="priuserReg" time="0.000" classname="TestNG_with_WD.EX4_BC_AC_BM_AM"/>
</testsuite> <!-- TestNG_with_WD.EX4_BC_AC_BM_AM -->
