<?xml version="1.0" encoding="UTF-8"?>
<!-- Generated by org.testng.reporters.JUnitReportReporter -->
<testsuite hostname="DESKTOP-S2A13D3" name="TestNG_with_WD.EX2_TestNG_priority" tests="2" failures="0" timestamp="2 Nov 2019 12:15:49 GMT" time="0.016" errors="0">
  <testcase name="regFun" time="0.000" classname="TestNG_with_WD.EX2_TestNG_priority"/>
  <testcase name="userLogin" time="0.016" classname="TestNG_with_WD.EX2_TestNG_priority"/>
</testsuite> <!-- TestNG_with_WD.EX2_TestNG_priority -->
