<?xml version="1.0" encoding="UTF-8"?>
<!-- Generated by org.testng.reporters.JUnitReportReporter -->
<testsuite hostname="DESKTOP-S2A13D3" name="Log4j_Ex.Log4jDemo" tests="1" failures="0" timestamp="6 Nov 2019 13:31:38 GMT" time="16.267" errors="0">
  <testcase name="setUp" time="16.267" classname="Log4j_Ex.Log4jDemo"/>
</testsuite> <!-- Log4j_Ex.Log4jDemo -->
