<?xml version="1.0" encoding="UTF-8"?>
<!-- Generated by org.testng.reporters.JUnitReportReporter -->
<testsuite hostname="DESKTOP-S2A13D3" name="TestNG_with_WD.TestNG_priority2" tests="2" failures="0" timestamp="15 Oct 2019 12:10:10 GMT" time="0.021" errors="0">
  <testcase name="regFun" time="0.021" classname="TestNG_with_WD.TestNG_priority2"/>
  <testcase name="userLogin" time="0.000" classname="TestNG_with_WD.TestNG_priority2"/>
</testsuite> <!-- TestNG_with_WD.TestNG_priority2 -->
