<?xml version="1.0" encoding="UTF-8"?>
<!-- Generated by org.testng.reporters.JUnitReportReporter -->
<testsuite hostname="DESKTOP-S2A13D3" name="TestNG_with_WD.TestNG_FW_Webelement_Screenshot" tests="1" failures="0" timestamp="16 Nov 2019 06:08:39 GMT" time="18.929" errors="0">
  <testcase name="logIn" time="18.929" classname="TestNG_with_WD.TestNG_FW_Webelement_Screenshot"/>
</testsuite> <!-- TestNG_with_WD.TestNG_FW_Webelement_Screenshot -->
