<?xml version="1.0" encoding="UTF-8"?>
<!-- Generated by org.testng.reporters.JUnitReportReporter -->
<testsuite hostname="DESKTOP-C8DN33F" failures="0" tests="1" name="TestNG_with_WD.TestNG_FW_Webelement_Screenshot" time="22.850" errors="0" timestamp="2021-07-22T20:31:44 IST" skipped="0">
  <testcase classname="TestNG_with_WD.TestNG_FW_Webelement_Screenshot" name="logIn" time="22.850"/>
  <system-out>
    <![CDATA[username Editbox is Displayed so Perfroming login operation
<br><img src='C:\Users\BKA6DC~1\AppData\Local\Temp\screenshot9708945072689185339.png'height='400' width='400'/><br>
Successful login operation]]>
  </system-out>
</testsuite> <!-- TestNG_with_WD.TestNG_FW_Webelement_Screenshot -->
