<?xml version="1.0" encoding="UTF-8"?>
<!-- Generated by org.testng.reporters.JUnitReportReporter -->
<testsuite hostname="DESKTOP-C8DN33F" failures="0" tests="2" name="TestNG_with_WD.EX3_TestNG_priority" time="0.017" errors="0" timestamp="2021-07-21T18:31:16 IST" skipped="0">
  <testcase classname="TestNG_with_WD.EX3_TestNG_priority" name="regFun" time="0.014"/>
  <system-out>
    <![CDATA[Reg fun executed]]>
  </system-out>
  <testcase classname="TestNG_with_WD.EX3_TestNG_priority" name="userLogin" time="0.003"/>
  <system-out>
    <![CDATA[Login fun executed]]>
  </system-out>
</testsuite> <!-- TestNG_with_WD.EX3_TestNG_priority -->
