<?xml version="1.0" encoding="UTF-8"?>
<!-- Generated by org.testng.reporters.JUnitReportReporter -->
<testsuite hostname="DESKTOP-C8DN33F" failures="0" tests="1" name="TestNG_with_WD.EX5_Assert_assertEquals" time="0.014" errors="0" timestamp="2021-07-21T18:59:37 IST" skipped="0">
  <testcase classname="TestNG_with_WD.EX5_Assert_assertEquals" name="sum" time="0.014"/>
  <system-out>
    <![CDATA[sum performed performed]]>
  </system-out>
</testsuite> <!-- TestNG_with_WD.EX5_Assert_assertEquals -->
