<?xml version="1.0" encoding="UTF-8"?>
<!-- Generated by org.testng.reporters.JUnitReportReporter -->
<testsuite hostname="DESKTOP-C8DN33F" failures="0" tests="3" name="TestNG_with_WD.EX4_BC_AC_BM_AM" time="0.017" errors="0" timestamp="2021-07-21T18:24:00 IST" skipped="0">
  <testcase classname="TestNG_with_WD.EX4_BC_AC_BM_AM" name="priuserReg" time="0.009"/>
  <system-out>
    <![CDATA[To validate primary Registration fun****************@Test]]>
  </system-out>
  <testcase classname="TestNG_with_WD.EX4_BC_AC_BM_AM" name="secuserReg" time="0.004"/>
  <system-out>
    <![CDATA[To validate secondary Registration fun***************@T(p=1)]]>
  </system-out>
  <testcase classname="TestNG_with_WD.EX4_BC_AC_BM_AM" name="userLogin" time="0.004"/>
  <system-out>
    <![CDATA[To validate login fun****************@T(p=2)]]>
  </system-out>
</testsuite> <!-- TestNG_with_WD.EX4_BC_AC_BM_AM -->
