<?xml version="1.0" encoding="UTF-8"?>
<!-- Generated by org.testng.reporters.JUnitReportReporter -->
<testsuite hostname="DESKTOP-C8DN33F" failures="0" tests="1"
	name="Hybrid_FW_com.MMS.TestScript.OrangeHRM_LoginTest" time="13.503"
	errors="0" timestamp="2021-07-28T16:17:42 IST" skipped="0">
	<testcase classname="Hybrid_FW_com.MMS.TestScript.OrangeHRM_LoginTest"
		name="login" time="13.503" />
	<system-out />
</testsuite> <!--
Hybrid_FW_com.MMS.TestScript.OrangeHRM_LoginTest -->
