<?xml version="1.0" encoding="UTF-8"?>
<!-- Generated by org.testng.reporters.JUnitReportReporter -->
<testsuite hostname="DESKTOP-C8DN33F" failures="0" tests="2" name="TestNG_with_WD.dependsOnMethods" time="0.017" errors="0" timestamp="2021-07-22T18:37:16 IST" skipped="0">
  <testcase classname="TestNG_with_WD.dependsOnMethods" name="userReg" time="0.015"/>
  <system-out>
    <![CDATA[To validate reg fun]]>
  </system-out>
  <testcase classname="TestNG_with_WD.dependsOnMethods" name="userLogin" time="0.002"/>
  <system-out>
    <![CDATA[To validate login fun]]>
  </system-out>
</testsuite> <!-- TestNG_with_WD.dependsOnMethods -->
