<?xml version="1.0" encoding="UTF-8"?>
<!-- Generated by org.testng.reporters.JUnitReportReporter -->
<testsuite hostname="DESKTOP-S2A13D3" name="TestNG_with_WD.EX1_TestNG_annotations1" tests="1" failures="0" timestamp="19 Oct 2019 17:46:15 GMT" time="0.015" errors="0">
  <testcase name="uesrLogin" time="0.015" classname="TestNG_with_WD.EX1_TestNG_annotations1"/>
</testsuite> <!-- TestNG_with_WD.EX1_TestNG_annotations1 -->
