<?xml version="1.0" encoding="UTF-8"?>
<!-- Generated by org.testng.reporters.JUnitReportReporter -->
<testsuite hostname="DESKTOP-S2A13D3" name="CrossBrowser_Testing.CrossBrowser_Testing_Ex" tests="2" failures="0" timestamp="5 Jan 2020 03:51:21 GMT" time="21.173" errors="0">
  <testcase name="userLogin" time="10.485" classname="CrossBrowser_Testing.CrossBrowser_Testing_Ex"/>
  <testcase name="userLogin" time="10.688" classname="CrossBrowser_Testing.CrossBrowser_Testing_Ex"/>
</testsuite> <!-- CrossBrowser_Testing.CrossBrowser_Testing_Ex -->
