<?xml version="1.0" encoding="UTF-8"?>
<!-- Generated by org.testng.reporters.JUnitReportReporter -->
<testsuite hostname="DESKTOP-S2A13D3" name="TestNG_with_WD.Test_annotation" tests="2" failures="0" timestamp="15 Oct 2019 12:04:57 GMT" time="0.020" errors="0">
  <testcase name="userReg" time="0.001" classname="TestNG_with_WD.Test_annotation"/>
  <testcase name="userLogin" time="0.019" classname="TestNG_with_WD.Test_annotation"/>
</testsuite> <!-- TestNG_with_WD.Test_annotation -->
