<?xml version="1.0" encoding="UTF-8"?>
<!-- Generated by org.testng.reporters.JUnitReportReporter -->
<testsuite hostname="DESKTOP-S2A13D3" name="Sample1.Class2" tests="2" failures="0" timestamp="9 Sep 2019 13:21:51 GMT" time="0.015" errors="0">
  <testcase name="method01" time="0.015" classname="Sample1.Class2"/>
  <testcase name="method02" time="0.000" classname="Sample1.Class2"/>
</testsuite> <!-- Sample1.Class2 -->
