<?xml version="1.0" encoding="UTF-8"?>
<!-- Generated by org.testng.reporters.JUnitReportReporter -->
<testsuite hostname="DESKTOP-S2A13D3" name="TestNG_with_WD.TestNG_dataProvider" tests="3" failures="0" timestamp="16 Oct 2019 05:54:16 GMT" time="0.018" errors="0">
  <testcase name="userLogin" time="0.015" classname="TestNG_with_WD.TestNG_dataProvider"/>
  <testcase name="userLogin" time="0.002" classname="TestNG_with_WD.TestNG_dataProvider"/>
  <testcase name="userLogin" time="0.001" classname="TestNG_with_WD.TestNG_dataProvider"/>
</testsuite> <!-- TestNG_with_WD.TestNG_dataProvider -->
