<?xml version="1.0" encoding="UTF-8"?>
<!-- Generated by org.testng.reporters.JUnitReportReporter -->
<testsuite hostname="DESKTOP-S2A13D3" name="Sample2.Class03" tests="2" failures="0" timestamp="9 Sep 2019 14:06:54 GMT" time="0.000" errors="0">
  <testcase name="method02" time="0.000" classname="Sample2.Class03"/>
  <testcase name="method01" time="0.000" classname="Sample2.Class03"/>
</testsuite> <!-- Sample2.Class03 -->
