<?xml version="1.0" encoding="UTF-8"?>
<!-- Generated by org.testng.reporters.JUnitReportReporter -->
<testsuite hostname="DESKTOP-S2A13D3" name="TestNG_with_WD.Test_annotation_priority" tests="2" failures="0" timestamp="6 Sep 2019 14:37:22 GMT" time="0.016" errors="0">
  <testcase name="userLogin" time="0.016" classname="TestNG_with_WD.Test_annotation_priority"/>
  <testcase name="userReg" time="0.000" classname="TestNG_with_WD.Test_annotation_priority"/>
</testsuite> <!-- TestNG_with_WD.Test_annotation_priority -->
