<?xml version="1.0" encoding="UTF-8"?>
<!-- Generated by org.testng.reporters.JUnitReportReporter -->
<testsuite hostname="DESKTOP-S2A13D3" name="TestNG_with_WD.TestNG_FW" tests="1" failures="0" timestamp="7 Sep 2019 15:18:53 GMT" time="9.166" errors="0">
  <testcase name="userLogin" time="9.166" classname="TestNG_with_WD.TestNG_FW"/>
</testsuite> <!-- TestNG_with_WD.TestNG_FW -->
