<?xml version="1.0" encoding="UTF-8"?>
<!-- Generated by org.testng.reporters.JUnitReportReporter -->
<testsuite hostname="DESKTOP-S2A13D3" name="App_Login.OrangeHRM_Login" tests="1" failures="0" timestamp="19 Dec 2019 10:00:13 GMT" time="8.258" errors="0">
  <testcase name="userLogin" time="8.258" classname="App_Login.OrangeHRM_Login"/>
</testsuite> <!-- App_Login.OrangeHRM_Login -->
