<?xml version="1.0" encoding="UTF-8"?>
<!-- Generated by org.testng.reporters.JUnitReportReporter -->
<testsuite hostname="Dell-i37-9Z1F2P2-w11x64" failures="0" tests="1" name="EX01_BasicIntro.EX01_RequestTypes" time="4.049" errors="0" timestamp="2024-01-02T16:07:16 IST" skipped="0">
  <testcase classname="EX01_BasicIntro.EX01_RequestTypes" name="createUser" time="4.049"/>
</testsuite> <!-- EX01_BasicIntro.EX01_RequestTypes -->
