<?xml version="1.0" encoding="UTF-8"?>
<!-- Generated by org.testng.reporters.JUnitReportReporter -->
<testsuite hostname="Dell-i37-9Z1F2P2-w11x64" failures="0" tests="4" name="RESTAssuredProject.EX01_BasicIntro" time="7.112" errors="0" timestamp="2024-01-02T15:17:57 IST" skipped="0">
  <testcase classname="RESTAssuredProject.EX01_BasicIntro" name="getListOfUsers" time="4.239"/>
  <testcase classname="RESTAssuredProject.EX01_BasicIntro" name="createUser" time="1.438"/>
  <testcase classname="RESTAssuredProject.EX01_BasicIntro" name="updateUser" time="0.723"/>
  <testcase classname="RESTAssuredProject.EX01_BasicIntro" name="deleteUser" time="0.712"/>
</testsuite> <!-- RESTAssuredProject.EX01_BasicIntro -->
