<?xml version="1.0" encoding="UTF-8"?>
<!-- Generated by org.testng.reporters.JUnitReportReporter -->
<testsuite hostname="DESKTOP-C8DN33F" failures="0" tests="2" name="MyPackage.Sample" time="14.844" errors="0" timestamp="2021-10-28T14:35:33 IST" skipped="0">
  <testcase classname="MyPackage.Sample" name="myTest" time="14.844"/>
  <system-out/>
  <testcase classname="MyPackage.Sample" name="myTest1" time="0.000"/>
  <system-out/>
</testsuite> <!-- MyPackage.Sample -->
