<?xml version="1.0" encoding="UTF-8"?>
<!-- Generated by org.testng.reporters.JUnitReportReporter -->
<testsuite hostname="DESKTOP-C8DN33F" failures="0" tests="1" name="testng.framework.Log4jDemo" time="10.696" errors="0" timestamp="2021-11-06T21:43:39 IST" skipped="0">
  <testcase classname="testng.framework.Log4jDemo" name="setUp" time="10.696"/>
  <system-out/>
</testsuite> <!-- testng.framework.Log4jDemo -->
