<?xml version="1.0" encoding="UTF-8"?>
<!-- Generated by org.testng.reporters.JUnitReportReporter -->
<testsuite hostname="Dell-i37-9Z1F2P2-w11x64" failures="0" tests="1" name="testng.framework.Log4jDemo" time="11.561" errors="0" timestamp="2023-12-01T12:47:05 IST" skipped="0">
  <testcase classname="testng.framework.Log4jDemo" name="setUp" time="11.561"/>
  <system-out/>
</testsuite> <!-- testng.framework.Log4jDemo -->
