<?xml version="1.0" encoding="UTF-8"?>
<!-- Generated by org.testng.reporters.JUnitReportReporter -->
<testsuite hostname="Dell-i37-9Z1F2P2-w11x64" failures="0" tests="1" name="testng.framework.Log4jDemo" time="55.511" errors="0" timestamp="2023-12-06T15:13:55 IST" skipped="0">
  <testcase classname="testng.framework.Log4jDemo" name="setUp" time="55.511"/>
  <system-out/>
</testsuite> <!-- testng.framework.Log4jDemo -->
