<?xml version="1.0" encoding="UTF-8"?>
<!-- Generated by org.testng.reporters.JUnitReportReporter -->
<testsuite hostname="Dell-i37-9Z1F2P2-w11x64" failures="0" tests="1" name="testCases.TC003_LogoutTest" time="1.952" errors="0" timestamp="2025-04-12T17:54:36 IST" skipped="0">
  <testcase classname="testCases.TC003_LogoutTest" name="verify_logout_test" time="1.952"/>
</testsuite> <!-- testCases.TC003_LogoutTest -->
