<?xml version="1.0" encoding="UTF-8"?>
<!-- Generated by org.testng.reporters.JUnitReportReporter -->
<testsuite hostname="Dell-i37-9Z1F2P2-w11x64" failures="0" tests="1" name="testCases.TC002_LoginTest" time="9.111" errors="0" timestamp="2025-04-12T17:54:35 IST" skipped="0">
  <testcase classname="testCases.TC002_LoginTest" name="verify_login_test" time="9.111"/>
</testsuite> <!-- testCases.TC002_LoginTest -->
