<?xml version="1.0" encoding="UTF-8"?>
<!-- Generated by org.testng.reporters.JUnitReportReporter -->
<testsuite hostname="Dell-i37-9Z1F2P2-w11x64" failures="0" tests="1" name="testCases.TC001_AccountRegestrationTest" time="8.682" errors="0" timestamp="2025-04-12T17:54:35 IST" skipped="0">
  <testcase classname="testCases.TC001_AccountRegestrationTest" name="verify_account_registration" time="8.682"/>
</testsuite> <!-- testCases.TC001_AccountRegestrationTest -->
