<?xml version="1.0" encoding="UTF-8"?>
<!-- Generated by org.testng.reporters.JUnitReportReporter -->
<testsuite hostname="Dell-i37-9Z1F2P2-w11x64" failures="0" tests="2"
	name="TestNG_ParallelTesting.copy.Class002" time="30.572" errors="0"
	timestamp="2024-01-24T17:57:17 IST" skipped="0">
	<testcase classname="TestNG_ParallelTesting.copy.Class002" name="method01"
		time="30.569" />
	<system-out />
	<testcase classname="TestNG_ParallelTesting.copy.Class002" name="method02"
		time="0.003" />
	<system-out>
    <![CDATA[Method02 from Class002]]>
  </system-out>
</testsuite> <!--
TestNG_ParallelTesting.copy.Class002 -->
