<?xml version="1.0" encoding="UTF-8"?>
<!-- Generated by org.testng.reporters.JUnitReportReporter -->
<testsuite hostname="DESKTOP-C8DN33F" failures="0" tests="1"
	name="TestNG_CrossBrowser_Testing.CrossBrowser_Testing" time="10.153"
	errors="0" timestamp="2021-12-02T19:44:15 IST" skipped="0">
	<testcase classname="TestNG_CrossBrowser_Testing.CrossBrowser_Testing"
		name="userLogin" time="10.153" />
	<system-out>
    <![CDATA[Successful login operation***]]>
  </system-out>
</testsuite> <!--
TestNG_CrossBrowser_Testing.CrossBrowser_Testing -->
