<?xml version="1.0" encoding="UTF-8"?>
<!-- Generated by org.testng.reporters.JUnitReportReporter -->
<testsuite hostname="Dell-i37-9Z1F2P2-w11x64" failures="0" tests="4" name="Listener_Use_IExecutionListener_to_Mark_Executed_TCs.E3_MyTests" time="0.054" errors="0" timestamp="2025-06-12T19:10:48 IST" skipped="1">
  <testcase classname="Listener_Use_IExecutionListener_to_Mark_Executed_TCs.E3_MyTests" name="m3" time="0.018"/>
  <system-out/>
  <testcase classname="Listener_Use_IExecutionListener_to_Mark_Executed_TCs.E3_MyTests" name="m1" time="0.018"/>
  <system-out/>
  <testcase classname="Listener_Use_IExecutionListener_to_Mark_Executed_TCs.E3_MyTests" name="m4" time="0.004"/>
  <system-out/>
  <testcase classname="Listener_Use_IExecutionListener_to_Mark_Executed_TCs.E3_MyTests" name="m2" time="0.014">
    <skipped/>
  </testcase> <!-- m2 -->
  <system-out/>
</testsuite> <!-- Listener_Use_IExecutionListener_to_Mark_Executed_TCs.E3_MyTests -->
