<?xml version="1.0" encoding="UTF-8"?>
<!-- Generated by org.testng.reporters.JUnitReportReporter -->
<testsuite hostname="Dell-i37-9Z1F2P2-w11x64" failures="0" tests="2" name="TestNG_with_WD.EX7_Skip_TestMethod" time="0.043" errors="0" timestamp="2025-03-21T17:12:52 IST" skipped="1">
  <testcase classname="TestNG_with_WD.EX7_Skip_TestMethod" name="test1" time="0.033"/>
  <system-out/>
  <testcase classname="TestNG_with_WD.EX7_Skip_TestMethod" name="test2" time="0.010">
    <skipped/>
  </testcase> <!-- test2 -->
  <system-out/>
</testsuite> <!-- TestNG_with_WD.EX7_Skip_TestMethod -->
