<?xml version="1.0" encoding="UTF-8"?>
<!-- Generated by org.testng.reporters.JUnitReportReporter -->
<testsuite hostname="Dell-i37-9Z1F2P2-w11x64" failures="0" tests="3" name="TestNG_with_WD.E12_FactoryAnnotation" time="0.022" errors="0" timestamp="2025-03-21T19:19:28 IST" skipped="0">
  <testcase classname="TestNG_with_WD.E12_FactoryAnnotation" name="testMethod" time="0.016"/>
  <system-out/>
  <testcase classname="TestNG_with_WD.E12_FactoryAnnotation" name="testMethod" time="0.003"/>
  <system-out/>
  <testcase classname="TestNG_with_WD.E12_FactoryAnnotation" name="testMethod" time="0.003"/>
  <system-out/>
</testsuite> <!-- TestNG_with_WD.E12_FactoryAnnotation -->
