<?xml version="1.0" encoding="UTF-8"?>
<!-- Generated by org.testng.reporters.JUnitReportReporter -->
<testsuite hostname="Dell-i37-9Z1F2P2-w11x64" failures="0" tests="1" name="TakingScreenshotOnlyForFailedTestCases_UsingTestNG.S3_TestClass" time="1.266" errors="0" timestamp="2025-03-29T23:10:46 IST" skipped="0">
  <testcase classname="TakingScreenshotOnlyForFailedTestCases_UsingTestNG.S3_TestClass" name="test1" time="1.266"/>
  <system-out/>
</testsuite> <!-- TakingScreenshotOnlyForFailedTestCases_UsingTestNG.S3_TestClass -->
