<?xml version="1.0" encoding="UTF-8"?>
<!-- Generated by org.testng.reporters.JUnitReportReporter -->
<testsuite hostname="DESKTOP-C8DN33F" failures="0" tests="2"
	name="TestNG_with_WD.timeOut" time="0.025" errors="0"
	timestamp="2021-09-15T17:34:21 IST" skipped="0">
	<testcase classname="TestNG_with_WD.timeOut" name="userLogin" time="0.010" />
	<system-out>
    <![CDATA[Login functionality done---NP]]>
  </system-out>
	<testcase classname="TestNG_with_WD.timeOut" name="regFun" time="0.015" />
	<system-out>
    <![CDATA[Registration functionality done---P]]>
  </system-out>
</testsuite> <!-- TestNG_with_WD.timeOut -->
