<?xml version="1.0" encoding="UTF-8"?>
<!-- Generated by org.testng.reporters.JUnitReportReporter -->
<testsuite hostname="Dell-i37-9Z1F2P2-w11x64" failures="0" tests="5" name="TestNG_Features.E14_InvocationCount" time="0.040" errors="0" timestamp="2025-03-29T11:25:57 IST" skipped="0">
  <testcase classname="TestNG_Features.E14_InvocationCount" name="testMethod" time="0.005"/>
  <system-out/>
  <testcase classname="TestNG_Features.E14_InvocationCount" name="testMethod" time="0.009"/>
  <system-out/>
  <testcase classname="TestNG_Features.E14_InvocationCount" name="testMethod" time="0.004"/>
  <system-out/>
  <testcase classname="TestNG_Features.E14_InvocationCount" name="testMethod" time="0.020"/>
  <system-out/>
  <testcase classname="TestNG_Features.E14_InvocationCount" name="testMethod" time="0.002"/>
  <system-out/>
</testsuite> <!-- TestNG_Features.E14_InvocationCount -->
