<?xml version="1.0" encoding="UTF-8"?>
<!-- Generated by org.testng.reporters.JUnitReportReporter -->
<testsuite hostname="Dell-i37-9Z1F2P2-w11x64" failures="0" tests="6" name="TestNG_Features.E05b_Skip_Test_based_on_MethodName" time="0.030" errors="0" timestamp="2025-06-12T14:28:11 IST" skipped="3">
  <testcase classname="TestNG_Features.E05b_Skip_Test_based_on_MethodName" name="AccountRegTest" time="0.014"/>
  <system-out/>
  <testcase classname="TestNG_Features.E05b_Skip_Test_based_on_MethodName" name="loginTest" time="0.013"/>
  <system-out/>
  <testcase classname="TestNG_Features.E05b_Skip_Test_based_on_MethodName" name="homePageTest" time="0.003"/>
  <system-out/>
  <testcase classname="TestNG_Features.E05b_Skip_Test_based_on_MethodName" name="productSearchTest" time="0.000">
    <skipped/>
  </testcase> <!-- productSearchTest -->
  <system-out/>
  <testcase classname="TestNG_Features.E05b_Skip_Test_based_on_MethodName" name="addToCartTest" time="0.000">
    <skipped/>
  </testcase> <!-- addToCartTest -->
  <system-out/>
  <testcase classname="TestNG_Features.E05b_Skip_Test_based_on_MethodName" name="makePaymentTest" time="0.000">
    <skipped/>
  </testcase> <!-- makePaymentTest -->
  <system-out/>
</testsuite> <!-- TestNG_Features.E05b_Skip_Test_based_on_MethodName -->
