<?xml version="1.0" encoding="UTF-8"?>
<!-- Generated by org.testng.reporters.JUnitReportReporter -->
<testsuite hostname="Dell-i37-9Z1F2P2-w11x64" failures="0" tests="1" name="TestNG_with_WD.EX7a_Skip_TC_UsingTestNG" time="0.022" errors="0" timestamp="2025-01-24T13:20:39 IST" skipped="1">
  <testcase classname="TestNG_with_WD.EX7a_Skip_TC_UsingTestNG" name="testCase1" time="0.022">
    <skipped/>
  </testcase> <!-- testCase1 -->
  <system-out/>
</testsuite> <!-- TestNG_with_WD.EX7a_Skip_TC_UsingTestNG -->
