<?xml version="1.0" encoding="UTF-8"?>
<!-- Generated by org.testng.reporters.JUnitReportReporter -->
<testsuite hostname="DESKTOP-C8DN33F" failures="0" tests="1" name="WD_Examples.EX52_Locate_Dynamic_elements" time="5.297" errors="0" timestamp="2021-08-27T21:43:28 IST" skipped="0">
  <testcase classname="WD_Examples.EX52_Locate_Dynamic_elements" name="HandleDynamicElements" time="5.297"/>
  <system-out/>
</testsuite> <!-- WD_Examples.EX52_Locate_Dynamic_elements -->
