<?xml version="1.0" encoding="UTF-8"?>
<!-- Generated by org.testng.reporters.JUnitReportReporter -->
<testsuite hostname="DESKTOP-C8DN33F" failures="0" tests="2"
	name="TestNG_with_WD.TestNG_Annotations2" time="0.008" errors="0"
	timestamp="2021-08-29T20:51:51 IST" skipped="0">
	<testcase classname="TestNG_with_WD.TestNG_Annotations2" name="test3"
		time="0.004" />
	<system-out />
	<testcase classname="TestNG_with_WD.TestNG_Annotations2" name="test4"
		time="0.004" />
	<system-out />
</testsuite> <!-- TestNG_with_WD.TestNG_Annotations2 -->
