<?xml version="1.0" encoding="UTF-8"?>
<!-- Generated by org.testng.reporters.JUnitReportReporter -->
<testsuite hostname="Dell-i37-9Z1F2P2-w11x64" failures="0" tests="1" name="TestNG_CrossBrowser_Testing.CrossBrowser_Testing" time="8.658" errors="0" timestamp="2025-03-29T22:51:36 IST" skipped="0">
  <testcase classname="TestNG_CrossBrowser_Testing.CrossBrowser_Testing" name="userLogin" time="8.658"/>
  <system-out>
    <![CDATA[Successful login operation***]]>
  </system-out>
</testsuite> <!-- TestNG_CrossBrowser_Testing.CrossBrowser_Testing -->
