<?xml version="1.0" encoding="UTF-8"?>
<!-- Generated by org.testng.reporters.JUnitReportReporter -->
<testsuite hostname="Dell-i37-9Z1F2P2-w11x64" failures="0" tests="5" name="Listener_Use_IExecutionListener_to_Mark_Executed_TCs2.X1_MyTests" time="0.082" errors="0" timestamp="2025-06-12T18:11:48 IST" skipped="2">
  <testcase classname="Listener_Use_IExecutionListener_to_Mark_Executed_TCs2.X1_MyTests" name="m3" time="0.012"/>
  <system-out/>
  <testcase classname="Listener_Use_IExecutionListener_to_Mark_Executed_TCs2.X1_MyTests" name="m5" time="0.014"/>
  <system-out/>
  <testcase classname="Listener_Use_IExecutionListener_to_Mark_Executed_TCs2.X1_MyTests" name="m4" time="0.013">
    <skipped/>
  </testcase> <!-- m4 -->
  <system-out/>
  <testcase classname="Listener_Use_IExecutionListener_to_Mark_Executed_TCs2.X1_MyTests" name="m1" time="0.024"/>
  <system-out/>
  <testcase classname="Listener_Use_IExecutionListener_to_Mark_Executed_TCs2.X1_MyTests" name="m2" time="0.019">
    <skipped/>
  </testcase> <!-- m2 -->
  <system-out/>
</testsuite> <!-- Listener_Use_IExecutionListener_to_Mark_Executed_TCs2.X1_MyTests -->
