<?xml version="1.0" encoding="UTF-8"?>
<!-- Generated by org.testng.reporters.JUnitReportReporter -->
<testsuite hostname="Dell-i37-9Z1F2P2-w11x64" failures="0" tests="6" name="Listener_Use_IExecutionListener_to_Mark_Executed_TCs.TestScripts" time="0.076" errors="0" timestamp="2025-06-11T22:16:21 IST" skipped="0">
  <testcase classname="Listener_Use_IExecutionListener_to_Mark_Executed_TCs.TestScripts" name="m7" time="0.021"/>
  <system-out/>
  <testcase classname="Listener_Use_IExecutionListener_to_Mark_Executed_TCs.TestScripts" name="m2" time="0.009"/>
  <system-out/>
  <testcase classname="Listener_Use_IExecutionListener_to_Mark_Executed_TCs.TestScripts" name="m3" time="0.006"/>
  <system-out/>
  <testcase classname="Listener_Use_IExecutionListener_to_Mark_Executed_TCs.TestScripts" name="m4" time="0.016"/>
  <system-out/>
  <testcase classname="Listener_Use_IExecutionListener_to_Mark_Executed_TCs.TestScripts" name="m5" time="0.007"/>
  <system-out/>
  <testcase classname="Listener_Use_IExecutionListener_to_Mark_Executed_TCs.TestScripts" name="m1" time="0.017"/>
  <system-out/>
</testsuite> <!-- Listener_Use_IExecutionListener_to_Mark_Executed_TCs.TestScripts -->
