<?xml version="1.0" encoding="UTF-8"?>
<!-- Generated by org.testng.reporters.JUnitReportReporter -->
<testsuite hostname="Dell-i37-9Z1F2P2-w11x64" failures="0" tests="3" name="TestNG_with_WD.EX2b_Priority_not_specified_to_testMethods" time="0.052" errors="0" timestamp="2025-03-20T22:32:20 IST" skipped="0">
  <testcase classname="TestNG_with_WD.EX2b_Priority_not_specified_to_testMethods" name="testC" time="0.002"/>
  <system-out/>
  <testcase classname="TestNG_with_WD.EX2b_Priority_not_specified_to_testMethods" name="testA" time="0.037"/>
  <system-out/>
  <testcase classname="TestNG_with_WD.EX2b_Priority_not_specified_to_testMethods" name="testB" time="0.013"/>
  <system-out/>
</testsuite> <!-- TestNG_with_WD.EX2b_Priority_not_specified_to_testMethods -->
