<?xml version="1.0" encoding="UTF-8"?>
<!-- Generated by org.testng.reporters.JUnitReportReporter -->
<testsuite hostname="Dell-i37-9Z1F2P2-w11x64" failures="0" tests="4" name="Listener_Use_IExecutionListener_to_Mark_Executed_TCs.E2_MyTests" time="0.032" errors="0" timestamp="2025-06-12T18:36:05 IST" skipped="1">
  <testcase classname="Listener_Use_IExecutionListener_to_Mark_Executed_TCs.E2_MyTests" name="m3" time="0.004"/>
  <system-out/>
  <testcase classname="Listener_Use_IExecutionListener_to_Mark_Executed_TCs.E2_MyTests" name="m2" time="0.002"/>
  <system-out/>
  <testcase classname="Listener_Use_IExecutionListener_to_Mark_Executed_TCs.E2_MyTests" name="m4" time="0.003"/>
  <system-out/>
  <testcase classname="Listener_Use_IExecutionListener_to_Mark_Executed_TCs.E2_MyTests" name="m1" time="0.023">
    <skipped/>
  </testcase> <!-- m1 -->
  <system-out/>
</testsuite> <!-- Listener_Use_IExecutionListener_to_Mark_Executed_TCs.E2_MyTests -->
