<?xml version="1.0" encoding="UTF-8"?>
<!-- Generated by org.testng.reporters.JUnitReportReporter -->
<testsuite hostname="Dell-i37-9Z1F2P2-w11x64" failures="0" tests="1" name="TestNG_Features.E16_ExceptionTestExample" time="0.028" errors="0" timestamp="2025-09-25T17:59:31 IST" skipped="0">
  <testcase classname="TestNG_Features.E16_ExceptionTestExample" name="testDivideByZero" time="0.028"/>
  <system-out/>
</testsuite> <!-- TestNG_Features.E16_ExceptionTestExample -->
