<?xml version="1.0" encoding="UTF-8"?>
<!-- Generated by org.testng.reporters.JUnitReportReporter -->
<testsuite hostname="Dell-i37-9Z1F2P2-w11x64" failures="0" tests="6" name="Listener_Use_IExecutionListener_to_Mark_Executed_TCs.TestScripts" time="0.000" errors="0" timestamp="2025-06-12T12:55:15 IST" skipped="6">
  <testcase classname="Listener_Use_IExecutionListener_to_Mark_Executed_TCs.TestScripts" name="m3" time="0.000">
    <skipped/>
  </testcase> <!-- m3 -->
  <system-out/>
  <testcase classname="Listener_Use_IExecutionListener_to_Mark_Executed_TCs.TestScripts" name="m5" time="0.000">
    <skipped/>
  </testcase> <!-- m5 -->
  <system-out/>
  <testcase classname="Listener_Use_IExecutionListener_to_Mark_Executed_TCs.TestScripts" name="m1" time="0.000">
    <skipped/>
  </testcase> <!-- m1 -->
  <system-out/>
  <testcase classname="Listener_Use_IExecutionListener_to_Mark_Executed_TCs.TestScripts" name="m2" time="0.000">
    <skipped/>
  </testcase> <!-- m2 -->
  <system-out/>
  <testcase classname="Listener_Use_IExecutionListener_to_Mark_Executed_TCs.TestScripts" name="m6" time="0.000">
    <skipped/>
  </testcase> <!-- m6 -->
  <system-out/>
  <testcase classname="Listener_Use_IExecutionListener_to_Mark_Executed_TCs.TestScripts" name="m4" time="0.000">
    <skipped/>
  </testcase> <!-- m4 -->
  <system-out/>
</testsuite> <!-- Listener_Use_IExecutionListener_to_Mark_Executed_TCs.TestScripts -->
