<?xml version="1.0" encoding="UTF-8"?>
<!-- Generated by org.testng.reporters.JUnitReportReporter -->
<testsuite hostname="DESKTOP-C8DN33F" failures="0" tests="3" name="TestNG_with_WD.EX3_TestNG_priority" time="0.028" errors="0" timestamp="2021-09-15T16:06:09 IST" skipped="0">
  <testcase classname="TestNG_with_WD.EX3_TestNG_priority" name="duplicate" time="0.018"/>
  <system-out>
    <![CDATA[duplicate method executed---P0]]>
  </system-out>
  <testcase classname="TestNG_with_WD.EX3_TestNG_priority" name="regFun" time="0.005"/>
  <system-out>
    <![CDATA[Reg fun executed---P0]]>
  </system-out>
  <testcase classname="TestNG_with_WD.EX3_TestNG_priority" name="userLogin" time="0.005"/>
  <system-out>
    <![CDATA[Login fun executed---P1]]>
  </system-out>
</testsuite> <!-- TestNG_with_WD.EX3_TestNG_priority -->
