<?xml version="1.0" encoding="UTF-8"?>
<!-- Generated by org.testng.reporters.JUnitReportReporter -->
<testsuite hostname="Dell-i37-9Z1F2P2-w11x64" failures="0" tests="2" name="Java_Examples.sort_mtd3" time="0.025" errors="0" timestamp="2025-06-09T19:07:54 IST" skipped="0">
  <testcase classname="Java_Examples.sort_mtd3" name="approach1" time="0.022"/>
  <system-out/>
  <testcase classname="Java_Examples.sort_mtd3" name="approach2" time="0.003"/>
  <system-out/>
</testsuite> <!-- Java_Examples.sort_mtd3 -->
