<?xml version="1.0" encoding="UTF-8"?>
<!-- Generated by org.testng.reporters.JUnitReportReporter -->
<testsuite hostname="Dell-i37-9Z1F2P2-w11x64" failures="0" tests="3" name="TestNG_Features.E05_Skip_TestMethod" time="0.029" errors="0" timestamp="2025-06-12T12:39:29 IST" skipped="1">
  <testcase classname="TestNG_Features.E05_Skip_TestMethod" name="test2" time="0.005">
    <skipped/>
  </testcase> <!-- test2 -->
  <system-out/>
  <testcase classname="TestNG_Features.E05_Skip_TestMethod" name="test1" time="0.021"/>
  <system-out/>
  <testcase classname="TestNG_Features.E05_Skip_TestMethod" name="test3" time="0.003"/>
  <system-out/>
</testsuite> <!-- TestNG_Features.E05_Skip_TestMethod -->
