<?xml version="1.0" encoding="UTF-8"?>
<!-- Generated by org.testng.reporters.JUnitReportReporter -->
<testsuite hostname="Dell-i37-9Z1F2P2-w11x64" failures="0" tests="7" name="TestNG_with_WD.ThreadPullSize_E" time="0.124" errors="0" timestamp="2024-05-10T19:46:21 IST" skipped="0">
  <testcase classname="TestNG_with_WD.ThreadPullSize_E" name="testThreadPools" time="0.028"/>
  <system-out/>
  <testcase classname="TestNG_with_WD.ThreadPullSize_E" name="testThreadPools" time="0.007"/>
  <system-out/>
  <testcase classname="TestNG_with_WD.ThreadPullSize_E" name="testThreadPools" time="0.014"/>
  <system-out/>
  <testcase classname="TestNG_with_WD.ThreadPullSize_E" name="testThreadPools" time="0.012"/>
  <system-out/>
  <testcase classname="TestNG_with_WD.ThreadPullSize_E" name="testThreadPools" time="0.030"/>
  <system-out/>
  <testcase classname="TestNG_with_WD.ThreadPullSize_E" name="testThreadPools" time="0.029"/>
  <system-out/>
  <testcase classname="TestNG_with_WD.ThreadPullSize_E" name="testThreadPools" time="0.004"/>
  <system-out/>
</testsuite> <!-- TestNG_with_WD.ThreadPullSize_E -->
