<?xml version="1.0" encoding="UTF-8"?>
<!-- Generated by org.testng.reporters.JUnitReportReporter -->
<testsuite hostname="DESKTOP-C8DN33F" failures="0" tests="2" name="TestNG_ParallelTesting.copy.Class001" time="19.180" errors="0" timestamp="2021-12-02T19:42:39 IST" skipped="0">
  <testcase classname="TestNG_ParallelTesting.copy.Class001" name="method02" time="0.014"/>
  <system-out>
    <![CDATA[Method02 from Class001]]>
  </system-out>
  <testcase classname="TestNG_ParallelTesting.copy.Class001" name="method01" time="19.166"/>
  <system-out/>
</testsuite> <!-- TestNG_ParallelTesting.copy.Class001 -->
