<?xml version="1.0" encoding="UTF-8"?>
<!-- Generated by org.testng.reporters.JUnitReportReporter -->
<testsuite hostname="Dell-i37-9Z1F2P2-w11x64" failures="0" tests="10" name="TestNG_Features.ThreadPullSize_E" time="0.252" errors="0" timestamp="2025-03-29T12:00:13 IST" skipped="0">
  <testcase classname="TestNG_Features.ThreadPullSize_E" name="testThreadPools" time="0.033"/>
  <system-out/>
  <testcase classname="TestNG_Features.ThreadPullSize_E" name="testThreadPools" time="0.030"/>
  <system-out/>
  <testcase classname="TestNG_Features.ThreadPullSize_E" name="testThreadPools" time="0.030"/>
  <system-out/>
  <testcase classname="TestNG_Features.ThreadPullSize_E" name="testThreadPools" time="0.015"/>
  <system-out/>
  <testcase classname="TestNG_Features.ThreadPullSize_E" name="testThreadPools" time="0.039"/>
  <system-out/>
  <testcase classname="TestNG_Features.ThreadPullSize_E" name="testThreadPools" time="0.006"/>
  <system-out/>
  <testcase classname="TestNG_Features.ThreadPullSize_E" name="testThreadPools" time="0.038"/>
  <system-out/>
  <testcase classname="TestNG_Features.ThreadPullSize_E" name="testThreadPools" time="0.003"/>
  <system-out/>
  <testcase classname="TestNG_Features.ThreadPullSize_E" name="testThreadPools" time="0.028"/>
  <system-out/>
  <testcase classname="TestNG_Features.ThreadPullSize_E" name="testThreadPools" time="0.030"/>
  <system-out/>
</testsuite> <!-- TestNG_Features.ThreadPullSize_E -->
