<?xml version="1.0" encoding="UTF-8"?>
<!-- Generated by org.testng.reporters.JUnitReportReporter -->
<testsuite hostname="Dell-i37-9Z1F2P2-w11x64" failures="0" tests="4" name="TestNG_with_WD.EX2_Priority" time="0.034" errors="0" timestamp="2025-03-21T08:31:51 IST" skipped="0">
  <testcase classname="TestNG_with_WD.EX2_Priority" name="A1" time="0.005"/>
  <system-out>
    <![CDATA[A1 method executed---P0]]>
  </system-out>
  <testcase classname="TestNG_with_WD.EX2_Priority" name="B" time="0.003"/>
  <system-out>
    <![CDATA[B method executed---P0]]>
  </system-out>
  <testcase classname="TestNG_with_WD.EX2_Priority" name="A" time="0.023"/>
  <system-out>
    <![CDATA[A method executed---P0]]>
  </system-out>
  <testcase classname="TestNG_with_WD.EX2_Priority" name="A2" time="0.003"/>
  <system-out>
    <![CDATA[A2 method executed---P0]]>
  </system-out>
</testsuite> <!-- TestNG_with_WD.EX2_Priority -->
