<?xml version="1.0" encoding="UTF-8"?>
<!-- Generated by org.testng.reporters.JUnitReportReporter -->
<testsuite hostname="Dell-i37-9Z1F2P2-w11x64" failures="0" tests="2" name="Custom_TestNGAnnotation.C2_SimpleTest" time="0.021" errors="0" timestamp="2025-07-25T22:07:02 IST" skipped="0">
  <testcase classname="Custom_TestNGAnnotation.C2_SimpleTest" name="testLogin" time="0.015"/>
  <system-out/>
  <testcase classname="Custom_TestNGAnnotation.C2_SimpleTest" name="testSearch" time="0.006"/>
  <system-out/>
</testsuite> <!-- Custom_TestNGAnnotation.C2_SimpleTest -->
