<?xml version="1.0" encoding="UTF-8"?>
<!-- Generated by org.testng.reporters.JUnitReportReporter -->
<testsuite hostname="Dell-i37-9Z1F2P2-w11x64" failures="0" tests="2"
	name="TestNG_with_WD.InvocationCount_E" time="37.725" errors="0"
	timestamp="2024-03-08T11:59:30 IST" skipped="0">
	<testcase classname="TestNG_with_WD.InvocationCount_E" name="validLoginTest"
		time="18.965" />
	<system-out />
	<testcase classname="TestNG_with_WD.InvocationCount_E" name="validLoginTest"
		time="18.760" />
	<system-out />
</testsuite> <!-- TestNG_with_WD.InvocationCount_E -->
