<?xml version="1.0" encoding="UTF-8"?>
<!-- Generated by org.testng.reporters.JUnitReportReporter -->
<testsuite hostname="Dell-i37-9Z1F2P2-w11x64" failures="0" tests="6" name="Listener_Use_IExecutionListener_to_Mark_Executed_TCs.EX_Test" time="0.027" errors="0" timestamp="2025-06-12T13:58:48 IST" skipped="3">
  <testcase classname="Listener_Use_IExecutionListener_to_Mark_Executed_TCs.EX_Test" name="d" time="0.000">
    <skipped/>
  </testcase> <!-- d -->
  <system-out/>
  <testcase classname="Listener_Use_IExecutionListener_to_Mark_Executed_TCs.EX_Test" name="B" time="0.012"/>
  <system-out/>
  <testcase classname="Listener_Use_IExecutionListener_to_Mark_Executed_TCs.EX_Test" name="C" time="0.002"/>
  <system-out/>
  <testcase classname="Listener_Use_IExecutionListener_to_Mark_Executed_TCs.EX_Test" name="A" time="0.013"/>
  <system-out/>
  <testcase classname="Listener_Use_IExecutionListener_to_Mark_Executed_TCs.EX_Test" name="x" time="0.000">
    <skipped/>
  </testcase> <!-- x -->
  <system-out/>
  <testcase classname="Listener_Use_IExecutionListener_to_Mark_Executed_TCs.EX_Test" name="z" time="0.000">
    <skipped/>
  </testcase> <!-- z -->
  <system-out/>
</testsuite> <!-- Listener_Use_IExecutionListener_to_Mark_Executed_TCs.EX_Test -->
