<?xml version="1.0" encoding="UTF-8"?>
<!-- Generated by org.testng.reporters.JUnitReportReporter -->
<testsuite hostname="Dell-i37-9Z1F2P2-w11x64" failures="0" tests="3"
	name="TestNG_ParallelTesting.copy.Class003" time="16.945" errors="0"
	timestamp="2024-01-24T17:57:17 IST" skipped="0">
	<testcase classname="TestNG_ParallelTesting.copy.Class003" name="method01"
		time="16.937" />
	<system-out />
	<testcase classname="TestNG_ParallelTesting.copy.Class003" name="method02"
		time="0.006" />
	<system-out>
    <![CDATA[Method02 from Class003]]>
  </system-out>
	<testcase classname="TestNG_ParallelTesting.copy.Class003" name="method03"
		time="0.002" />
	<system-out>
    <![CDATA[Method03 from Class003]]>
  </system-out>
</testsuite> <!--
TestNG_ParallelTesting.copy.Class003 -->
