<?xml version="1.0" encoding="UTF-8"?>
<!-- Generated by org.testng.reporters.JUnitReportReporter -->
<testsuite hostname="Dell-i37-9Z1F2P2-w11x64" failures="0" tests="4" name="TestNG_with_WD.EX6_TestNG_dataProvider" time="54.703" errors="0" timestamp="2024-09-18T18:13:48 IST" skipped="0">
  <testcase classname="TestNG_with_WD.EX6_TestNG_dataProvider" name="login" time="11.326"/>
  <system-out/>
  <testcase classname="TestNG_with_WD.EX6_TestNG_dataProvider" name="login" time="9.466"/>
  <system-out/>
  <testcase classname="TestNG_with_WD.EX6_TestNG_dataProvider" name="login" time="12.190"/>
  <system-out/>
  <testcase classname="TestNG_with_WD.EX6_TestNG_dataProvider" name="login" time="21.721"/>
  <system-out/>
</testsuite> <!-- TestNG_with_WD.EX6_TestNG_dataProvider -->
