<?xml version="1.0" encoding="UTF-8"?>
<!-- Generated by org.testng.reporters.JUnitReportReporter -->
<testsuite hostname="Dell-i37-9Z1F2P2-w11x64" failures="0" tests="1" name="ReRun4_Failed_TCs_using_TestNgFailedXMLfile.S3_RunnerFileToExecuteFailedTCsThroughScript" time="0.585" errors="0" timestamp="2025-06-04T15:57:11 IST" skipped="0">
  <testcase classname="ReRun4_Failed_TCs_using_TestNgFailedXMLfile.S3_RunnerFileToExecuteFailedTCsThroughScript" name="runFailTestCases" time="0.585"/>
  <system-out/>
</testsuite> <!-- ReRun4_Failed_TCs_using_TestNgFailedXMLfile.S3_RunnerFileToExecuteFailedTCsThroughScript -->
