<?xml version="1.0" encoding="UTF-8"?>
<!-- Generated by org.testng.reporters.JUnitReportReporter -->
<testsuite hostname="DESKTOP-C8DN33F" failures="0" tests="3"
	name="TestNG_with_WD.Skip_TestMethod" time="0.025" errors="0"
	timestamp="2021-09-21T21:40:52 IST" skipped="1">
	<testcase classname="TestNG_with_WD.Skip_TestMethod" name="A" time="0.018" />
	<system-out>
    <![CDATA[Method-A executed]]>
  </system-out>
	<testcase classname="TestNG_with_WD.Skip_TestMethod" name="C" time="0.007" />
	<system-out>
    <![CDATA[Method-C executed]]>
  </system-out>
	<testcase classname="TestNG_with_WD.Skip_TestMethod" name="B">
		<skipped />
	</testcase> <!-- B -->
	<system-out />
</testsuite> <!-- TestNG_with_WD.Skip_TestMethod -->
