<?xml version="1.0" encoding="UTF-8"?>
<!-- Generated by org.testng.reporters.JUnitReportReporter -->
<testsuite hostname="Dell-i37-9Z1F2P2-w11x64" failures="0" tests="2" name="ReRun_Failed_TCs_usingTestNgFailedXMLfile.TestScript" time="0.030" errors="0" timestamp="2025-03-31T11:56:58 IST" skipped="0">
  <testcase classname="ReRun_Failed_TCs_usingTestNgFailedXMLfile.TestScript" name="testMethod3" time="0.002"/>
  <system-out/>
  <testcase classname="ReRun_Failed_TCs_usingTestNgFailedXMLfile.TestScript" name="testMethod1" time="0.028"/>
  <system-out/>
</testsuite> <!-- ReRun_Failed_TCs_usingTestNgFailedXMLfile.TestScript -->
