<?xml version="1.0" encoding="UTF-8"?>
<!-- Generated by org.testng.reporters.JUnitReportReporter -->
<testsuite hostname="Dell-i37-9Z1F2P2-w11x64" failures="0" tests="4" name="TestNG_Features.InvocationCount" time="33.891" errors="0" timestamp="2025-03-29T11:20:06 IST" skipped="0">
  <testcase classname="TestNG_Features.InvocationCount" name="validLoginTest" time="7.939"/>
  <system-out/>
  <testcase classname="TestNG_Features.InvocationCount" name="verifyLinkedIn" time="8.421"/>
  <system-out/>
  <testcase classname="TestNG_Features.InvocationCount" name="verifyLinkedIn" time="10.165"/>
  <system-out/>
  <testcase classname="TestNG_Features.InvocationCount" name="verifyLinkedIn" time="7.366"/>
  <system-out/>
</testsuite> <!-- TestNG_Features.InvocationCount -->
