<?xml version="1.0" encoding="UTF-8"?>
<!-- Generated by org.testng.reporters.JUnitReportReporter -->
<testsuite hostname="DESKTOP-C8DN33F" failures="0" tests="2" name="TestNG_with_WD.groups1" time="0.033" errors="0" timestamp="2021-09-15T17:01:51 IST" skipped="0">
  <testcase classname="TestNG_with_WD.groups1" name="test2" time="0.004"/>
  <system-out/>
  <testcase classname="TestNG_with_WD.groups1" name="test1" time="0.029"/>
  <system-out/>
</testsuite> <!-- TestNG_with_WD.groups1 -->
