<?xml version="1.0" encoding="UTF-8"?>
<!-- Generated by org.testng.reporters.JUnitReportReporter -->
<testsuite hostname="Dell-i37-9Z1F2P2-w11x64" failures="0" tests="4" name="TestNG_with_WD.TestFactory" time="0.024" errors="0" timestamp="2025-03-21T19:13:30 IST" skipped="0">
  <testcase classname="TestNG_with_WD.TestFactory" name="testMethod" time="0.017"/>
  <system-out/>
  <testcase classname="TestNG_with_WD.TestFactory" name="testMethod" time="0.002"/>
  <system-out/>
  <testcase classname="TestNG_with_WD.TestFactory" name="testMethod" time="0.003"/>
  <system-out/>
  <testcase classname="TestNG_with_WD.TestFactory" name="testMethod" time="0.002"/>
  <system-out/>
</testsuite> <!-- TestNG_with_WD.TestFactory -->
