<?xml version="1.0" encoding="UTF-8"?>
<!-- Generated by org.testng.reporters.JUnitReportReporter -->
<testsuite hostname="Dell-i37-9Z1F2P2-w11x64" failures="0" tests="5" name="Listener_Use_IExecutionListener_to_Mark_Executed_TCs2.X4_MyTests" time="0.096" errors="0" timestamp="2025-06-13T12:05:57 IST" skipped="2">
  <testcase classname="Listener_Use_IExecutionListener_to_Mark_Executed_TCs2.X4_MyTests" name="m5" time="0.010"/>
  <system-out/>
  <testcase classname="Listener_Use_IExecutionListener_to_Mark_Executed_TCs2.X4_MyTests" name="m1" time="0.029">
    <skipped/>
  </testcase> <!-- m1 -->
  <system-out/>
  <testcase classname="Listener_Use_IExecutionListener_to_Mark_Executed_TCs2.X4_MyTests" name="m2" time="0.009"/>
  <system-out/>
  <testcase classname="Listener_Use_IExecutionListener_to_Mark_Executed_TCs2.X4_MyTests" name="m3" time="0.037">
    <skipped/>
  </testcase> <!-- m3 -->
  <system-out/>
  <testcase classname="Listener_Use_IExecutionListener_to_Mark_Executed_TCs2.X4_MyTests" name="m4" time="0.011"/>
  <system-out/>
</testsuite> <!-- Listener_Use_IExecutionListener_to_Mark_Executed_TCs2.X4_MyTests -->
