<?xml version="1.0" encoding="UTF-8"?>
<!-- Generated by org.testng.reporters.JUnitReportReporter -->
<testsuite hostname="Dell-i37-9Z1F2P2-w11x64" failures="0" tests="1"
	name="ReRun_Failed_TCs_usingTestNgXML.TestScript" time="0.013" errors="0"
	timestamp="2024-01-25T14:10:19 IST" skipped="0">
	<testcase classname="ReRun_Failed_TCs_usingTestNgXML.TestScript"
		name="testMethod3" time="0.013" />
	<system-out />
</testsuite> <!-- ReRun_Failed_TCs_usingTestNgXML.TestScript -->
