<?xml version="1.0" encoding="UTF-8"?>
<!-- Generated by org.testng.reporters.JUnitReportReporter -->
<testsuite hostname="Dell-i37-9Z1F2P2-w11x64" failures="0" tests="3" name="TestNG_Grouping.GroupingExample" time="0.028" errors="0" timestamp="2025-03-29T12:03:47 IST" skipped="0">
  <testcase classname="TestNG_Grouping.GroupingExample" name="test2" time="0.004"/>
  <system-out/>
  <testcase classname="TestNG_Grouping.GroupingExample" name="test5" time="0.003"/>
  <system-out/>
  <testcase classname="TestNG_Grouping.GroupingExample" name="test1" time="0.021"/>
  <system-out/>
</testsuite> <!-- TestNG_Grouping.GroupingExample -->
