<?xml version="1.0" encoding="UTF-8"?>
<!-- Generated by org.testng.reporters.JUnitReportReporter -->
<testsuite hostname="Dell-i37-9Z1F2P2-w11x64" failures="0" tests="2" name="TestNG_ParallelTesting.copy.Class001" time="51.976" errors="0" timestamp="2025-03-29T12:22:25 IST" skipped="0">
  <testcase classname="TestNG_ParallelTesting.copy.Class001" name="method01" time="51.974"/>
  <system-out/>
  <testcase classname="TestNG_ParallelTesting.copy.Class001" name="method02" time="0.002"/>
  <system-out>
    <![CDATA[Method02 from Class001]]>
  </system-out>
</testsuite> <!-- TestNG_ParallelTesting.copy.Class001 -->
