<?xml version="1.0" encoding="UTF-8"?>
<!-- Generated by org.testng.reporters.JUnitReportReporter -->
<testsuite hostname="DESKTOP-C8DN33F" failures="0" tests="2"
	name="TestNG_Grouping.GroupingExample" time="0.023" errors="0"
	timestamp="2021-10-29T19:37:38 IST" skipped="0">
	<testcase classname="TestNG_Grouping.GroupingExample" name="test3"
		time="0.017" />
	<system-out />
	<testcase classname="TestNG_Grouping.GroupingExample" name="test4"
		time="0.006" />
	<system-out />
</testsuite> <!-- TestNG_Grouping.GroupingExample -->
