<?xml version="1.0" encoding="UTF-8"?>
<!-- Generated by org.testng.reporters.JUnitReportReporter -->
<testsuite hostname="Dell-i37-9Z1F2P2-w11x64" failures="0" tests="1" name="TestNG_with_WD.E11_TestNG_Annotations1" time="0.025" errors="0" timestamp="2025-03-21T18:32:40 IST" skipped="0">
  <testcase classname="TestNG_with_WD.E11_TestNG_Annotations1" name="test2" time="0.025"/>
  <system-out/>
</testsuite> <!-- TestNG_with_WD.E11_TestNG_Annotations1 -->
