<?xml version="1.0" encoding="UTF-8"?>
<!-- Generated by org.testng.reporters.JUnitReportReporter -->
<testsuite hostname="Dell-i37-9Z1F2P2-w11x64" failures="0" tests="5" name="TestNG_Features.E14b_InvocationCount" time="62.727" errors="0" timestamp="2025-03-29T11:41:13 IST" skipped="0">
  <testcase classname="TestNG_Features.E14b_InvocationCount" name="verifyLinkedIn" time="10.183"/>
  <system-out/>
  <testcase classname="TestNG_Features.E14b_InvocationCount" name="verifyLinkedIn" time="9.587"/>
  <system-out/>
  <testcase classname="TestNG_Features.E14b_InvocationCount" name="verifyLinkedIn" time="18.207"/>
  <system-out/>
  <testcase classname="TestNG_Features.E14b_InvocationCount" name="validLoginTest" time="12.205"/>
  <system-out/>
  <testcase classname="TestNG_Features.E14b_InvocationCount" name="validLoginTest" time="12.545"/>
  <system-out/>
</testsuite> <!-- TestNG_Features.E14b_InvocationCount -->
