<?xml version="1.0" encoding="UTF-8"?>
<!-- Generated by org.testng.reporters.JUnitReportReporter -->
<testsuite hostname="Dell-i37-9Z1F2P2-w11x64" failures="0" tests="1" name="Pass_Parameters_through_xmlFile.OrangeHRM_Login" time="7.488" errors="0" timestamp="2025-03-29T22:19:54 IST" skipped="0">
  <testcase classname="Pass_Parameters_through_xmlFile.OrangeHRM_Login" name="userLogin" time="7.488"/>
  <system-out>
    <![CDATA[Successful Login operation]]>
  </system-out>
</testsuite> <!-- Pass_Parameters_through_xmlFile.OrangeHRM_Login -->
