<?xml version="1.0" encoding="UTF-8"?>
<!-- Generated by org.testng.reporters.JUnitReportReporter -->
<testsuite hostname="Dell-i37-9Z1F2P2-w11x64" failures="0" tests="2" name="TestNG_with_WD.TestNG_Annotations2" time="0.029" errors="0" timestamp="2025-03-21T18:18:13 IST" skipped="0">
  <testcase classname="TestNG_with_WD.TestNG_Annotations2" name="test4" time="0.015"/>
  <system-out/>
  <testcase classname="TestNG_with_WD.TestNG_Annotations2" name="test3" time="0.014"/>
  <system-out/>
</testsuite> <!-- TestNG_with_WD.TestNG_Annotations2 -->
