<?xml version="1.0" encoding="UTF-8"?>
<!-- Generated by org.testng.reporters.JUnitReportReporter -->
<testsuite hostname="Dell-i37-9Z1F2P2-w11x64" failures="0" tests="4" name="TestNG_with_WD.EX6_TestNG_dataProvider" time="24.007" errors="0" timestamp="2025-03-21T00:08:22 IST" skipped="0">
  <testcase classname="TestNG_with_WD.EX6_TestNG_dataProvider" name="login" time="5.857"/>
  <system-out/>
  <testcase classname="TestNG_with_WD.EX6_TestNG_dataProvider" name="login" time="6.777"/>
  <system-out/>
  <testcase classname="TestNG_with_WD.EX6_TestNG_dataProvider" name="login" time="5.663"/>
  <system-out/>
  <testcase classname="TestNG_with_WD.EX6_TestNG_dataProvider" name="login" time="5.710"/>
  <system-out/>
</testsuite> <!-- TestNG_with_WD.EX6_TestNG_dataProvider -->
