<?xml version="1.0" encoding="UTF-8"?>
<!-- Generated by org.testng.reporters.JUnitReportReporter -->
<testsuite hostname="Dell-i37-9Z1F2P2-w11x64" failures="0" tests="7" name="TestNG_with_WD.ThreadPullSize_E" time="0.133" errors="0" timestamp="2024-03-15T17:53:34 IST" skipped="0">
  <testcase classname="TestNG_with_WD.ThreadPullSize_E" name="testThreadPools" time="0.032"/>
  <system-out/>
  <testcase classname="TestNG_with_WD.ThreadPullSize_E" name="testThreadPools" time="0.006"/>
  <system-out/>
  <testcase classname="TestNG_with_WD.ThreadPullSize_E" name="testThreadPools" time="0.037"/>
  <system-out/>
  <testcase classname="TestNG_with_WD.ThreadPullSize_E" name="testThreadPools" time="0.003"/>
  <system-out/>
  <testcase classname="TestNG_with_WD.ThreadPullSize_E" name="testThreadPools" time="0.033"/>
  <system-out/>
  <testcase classname="TestNG_with_WD.ThreadPullSize_E" name="testThreadPools" time="0.019"/>
  <system-out/>
  <testcase classname="TestNG_with_WD.ThreadPullSize_E" name="testThreadPools" time="0.003"/>
  <system-out/>
</testsuite> <!-- TestNG_with_WD.ThreadPullSize_E -->
