<?xml version="1.0" encoding="UTF-8"?>
<!-- Generated by org.testng.reporters.JUnitReportReporter -->
<testsuite hostname="Dell-i37-9Z1F2P2-w11x64" failures="0" tests="5" name="TestNG_with_WD.InvocationCount_E" time="52.878" errors="0" timestamp="2024-09-30T16:26:16 IST" skipped="0">
  <testcase classname="TestNG_with_WD.InvocationCount_E" name="verifyLinkedIn" time="8.493"/>
  <system-out/>
  <testcase classname="TestNG_with_WD.InvocationCount_E" name="validLoginTest" time="12.396"/>
  <system-out/>
  <testcase classname="TestNG_with_WD.InvocationCount_E" name="validLoginTest" time="12.558"/>
  <system-out/>
  <testcase classname="TestNG_with_WD.InvocationCount_E" name="verifyLinkedIn" time="10.101"/>
  <system-out/>
  <testcase classname="TestNG_with_WD.InvocationCount_E" name="verifyLinkedIn" time="9.330"/>
  <system-out/>
</testsuite> <!-- TestNG_with_WD.InvocationCount_E -->
