<?xml version="1.0" encoding="UTF-8"?>
<!-- Generated by org.testng.reporters.JUnitReportReporter -->
<testsuite hostname="Dell-i37-9Z1F2P2-w11x64" failures="0" tests="7" name="TestNG_with_WD.ThreadPullSize_E" time="0.119" errors="0" timestamp="2024-03-09T10:52:46 IST" skipped="0">
  <testcase classname="TestNG_with_WD.ThreadPullSize_E" name="testThreadPools" time="0.006"/>
  <system-out/>
  <testcase classname="TestNG_with_WD.ThreadPullSize_E" name="testThreadPools" time="0.004"/>
  <system-out/>
  <testcase classname="TestNG_with_WD.ThreadPullSize_E" name="testThreadPools" time="0.028"/>
  <system-out/>
  <testcase classname="TestNG_with_WD.ThreadPullSize_E" name="testThreadPools" time="0.015"/>
  <system-out/>
  <testcase classname="TestNG_with_WD.ThreadPullSize_E" name="testThreadPools" time="0.027"/>
  <system-out/>
  <testcase classname="TestNG_with_WD.ThreadPullSize_E" name="testThreadPools" time="0.011"/>
  <system-out/>
  <testcase classname="TestNG_with_WD.ThreadPullSize_E" name="testThreadPools" time="0.028"/>
  <system-out/>
</testsuite> <!-- TestNG_with_WD.ThreadPullSize_E -->
