<?xml version="1.0" encoding="UTF-8"?>
<!-- Generated by org.testng.reporters.JUnitReportReporter -->
<testsuite hostname="DESKTOP-C8DN33F" failures="0" tests="2"
	name="TestNG_with_WD.EX2_TestNG_priority" time="0.022" errors="0"
	timestamp="2021-09-15T16:12:24 IST" skipped="0">
	<testcase classname="TestNG_with_WD.EX2_TestNG_priority" name="A"
		time="0.017" />
	<system-out>
    <![CDATA[A method executed---P0]]>
  </system-out>
	<testcase classname="TestNG_with_WD.EX2_TestNG_priority" name="B"
		time="0.005" />
	<system-out>
    <![CDATA[B method executed---P0]]>
  </system-out>
</testsuite> <!-- TestNG_with_WD.EX2_TestNG_priority -->
