<?xml version="1.0" encoding="UTF-8"?>
<!-- Generated by org.testng.reporters.JUnitReportReporter -->
<testsuite hostname="Dell-i37-9Z1F2P2-w11x64" failures="0" tests="2" name="TestNG_Simple1.Class001" time="0.031" errors="0" timestamp="2025-03-20T20:52:15 IST" skipped="0">
  <testcase classname="TestNG_Simple1.Class001" name="method01" time="0.025"/>
  <system-out>
    <![CDATA[Method01 from Class001]]>
  </system-out>
  <testcase classname="TestNG_Simple1.Class001" name="method02" time="0.006"/>
  <system-out>
    <![CDATA[Method02 from Class001]]>
  </system-out>
</testsuite> <!-- TestNG_Simple1.Class001 -->
