<?xml version="1.0" encoding="UTF-8"?>
<!-- Generated by org.testng.reporters.JUnitReportReporter -->
<testsuite hostname="Dell-i37-9Z1F2P2-w11x64" failures="0" tests="5" name="TestNG_with_WD.EX2c_Assigning_NegetivePriority_to_testMethods" time="0.035" errors="0" timestamp="2025-01-20T14:34:34 IST" skipped="0">
  <testcase classname="TestNG_with_WD.EX2c_Assigning_NegetivePriority_to_testMethods" name="testA2" time="0.023"/>
  <system-out/>
  <testcase classname="TestNG_with_WD.EX2c_Assigning_NegetivePriority_to_testMethods" name="testA1" time="0.002"/>
  <system-out/>
  <testcase classname="TestNG_with_WD.EX2c_Assigning_NegetivePriority_to_testMethods" name="testB" time="0.005"/>
  <system-out/>
  <testcase classname="TestNG_with_WD.EX2c_Assigning_NegetivePriority_to_testMethods" name="testC1" time="0.002"/>
  <system-out/>
  <testcase classname="TestNG_with_WD.EX2c_Assigning_NegetivePriority_to_testMethods" name="testC2" time="0.003"/>
  <system-out/>
</testsuite> <!-- TestNG_with_WD.EX2c_Assigning_NegetivePriority_to_testMethods -->
