<?xml version="1.0" encoding="UTF-8"?>
<!-- Generated by org.testng.reporters.JUnitReportReporter -->
<testsuite hostname="DESKTOP-C8DN33F" failures="0" tests="1" name="TestNG_with_WD.Add_Screenshot_to_HTMLfile" time="18.305" errors="0" timestamp="2021-07-27T12:37:10 IST" skipped="0">
  <testcase classname="TestNG_with_WD.Add_Screenshot_to_HTMLfile" name="logIn" time="18.305"/>
  <system-out>
    <![CDATA[username Editbox is Displayed so Perfroming login operation
<br><img src='F:\fomTestNG.png'  height='400'  width='400'/><br>
Successful login operation]]>
  </system-out>
</testsuite> <!-- TestNG_with_WD.Add_Screenshot_to_HTMLfile -->
