<?xml version="1.0" encoding="UTF-8"?>
<!-- Generated by org.testng.reporters.JUnitReportReporter -->
<testsuite hostname="DESKTOP-C8DN33F" failures="0" tests="2" name="TestNG_with_WD.EX2_TestNG_priority" time="0.016" errors="0" timestamp="2021-07-21T18:15:41 IST" skipped="0">
  <testcase classname="TestNG_with_WD.EX2_TestNG_priority" name="userLogin" time="0.013"/>
  <system-out>
    <![CDATA[Login functionality done]]>
  </system-out>
  <testcase classname="TestNG_with_WD.EX2_TestNG_priority" name="regFun" time="0.003"/>
  <system-out>
    <![CDATA[Registration functionality done]]>
  </system-out>
</testsuite> <!-- TestNG_with_WD.EX2_TestNG_priority -->
