<?xml version="1.0" encoding="UTF-8"?>
<!-- Generated by org.testng.reporters.JUnitReportReporter -->
<testsuite hostname="DESKTOP-C8DN33F" failures="0" tests="1"
	name="TestNG_Pass_App_Login_Parametrs.OrangeHRM_Login" time="14.463"
	errors="0" timestamp="2021-07-29T15:36:48 IST" skipped="0">
	<testcase classname="TestNG_Pass_App_Login_Parametrs.OrangeHRM_Login"
		name="userLogin" time="14.463" />
	<system-out>
    <![CDATA[Successful Login operation]]>
  </system-out>
</testsuite> <!--
TestNG_Pass_App_Login_Parametrs.OrangeHRM_Login -->
