<?xml version="1.0" encoding="UTF-8"?>
<!-- Generated by org.testng.reporters.JUnitReportReporter -->
<testsuite hostname="DESKTOP-C8DN33F" failures="0" tests="1"
	name="TestNG_Simple1.Class001" time="0.021" errors="0"
	timestamp="2021-07-29T16:04:07 IST" skipped="0">
	<testcase classname="TestNG_Simple1.Class001" name="method01" time="0.021" />
	<system-out>
    <![CDATA[Method01 from Class001]]>
  </system-out>
</testsuite> <!-- TestNG_Simple1.Class001 -->
