<?xml version="1.0" encoding="UTF-8"?>
<!-- Generated by org.testng.reporters.JUnitReportReporter -->
<testsuite hostname="DESKTOP-C8DN33F" failures="0" tests="1"
	name="TestNG_with_WD.EX1_TestNG_annotatins" time="0.013" errors="0"
	timestamp="2021-07-21T18:10:58 IST" skipped="0">
	<testcase classname="TestNG_with_WD.EX1_TestNG_annotatins" name="uesrLogin"
		time="0.013" />
	<system-out>
    <![CDATA[This statement can print in HTML reprt only (false)
This statement can print in HTML reprt & Console (true)]]>
  </system-out>
</testsuite> <!--
TestNG_with_WD.EX1_TestNG_annotatins -->
