<?xml version="1.0" encoding="UTF-8"?>
<!-- Generated by org.testng.reporters.JUnitReportReporter -->
<testsuite hostname="Dell-i37-9Z1F2P2-w11x64" failures="0" tests="5" name="TestNG_Features.E15b_InvocationCount" time="105.290" errors="0" timestamp="2025-03-29T13:39:58 IST" skipped="0">
  <testcase classname="TestNG_Features.E15b_InvocationCount" name="verifyLinkedIn" time="21.002"/>
  <testcase classname="TestNG_Features.E15b_InvocationCount" name="loginTest" time="26.165"/>
  <testcase classname="TestNG_Features.E15b_InvocationCount" name="verifyLinkedIn" time="25.768"/>
  <testcase classname="TestNG_Features.E15b_InvocationCount" name="loginTest" time="16.149"/>
  <testcase classname="TestNG_Features.E15b_InvocationCount" name="verifyLinkedIn" time="16.206"/>
</testsuite> <!-- TestNG_Features.E15b_InvocationCount -->
