<?xml version="1.0" encoding="UTF-8"?>
<!-- Generated by org.testng.reporters.JUnitReportReporter -->
<testsuite hostname="Dell-i37-9Z1F2P2-w11x64" failures="0" tests="1" name="RetryingTheTestMethods_using_IRetryAnalyzerInterface.E01_TestClass" time="0.167" errors="0" timestamp="2025-03-30T10:12:21 IST" skipped="0">
  <testcase classname="RetryingTheTestMethods_using_IRetryAnalyzerInterface.E01_TestClass" name="testMethod" time="0.167"/>
</testsuite> <!-- RetryingTheTestMethods_using_IRetryAnalyzerInterface.E01_TestClass -->
