<?xml version="1.0" encoding="UTF-8"?>
<!-- Generated by org.testng.reporters.JUnitReportReporter -->
<testsuite hostname="Dell-i37-9Z1F2P2-w11x64" failures="0" tests="5" name="TestNG_Grouping.Grouping" time="0.052" errors="0" timestamp="2025-03-29T14:13:43 IST" skipped="0">
  <testcase classname="TestNG_Grouping.Grouping" name="test1" time="0.032"/>
  <testcase classname="TestNG_Grouping.Grouping" name="test4" time="0.004"/>
  <testcase classname="TestNG_Grouping.Grouping" name="test3" time="0.006"/>
  <testcase classname="TestNG_Grouping.Grouping" name="test6" time="0.008"/>
  <testcase classname="TestNG_Grouping.Grouping" name="test2" time="0.002"/>
</testsuite> <!-- TestNG_Grouping.Grouping -->
