<?xml version="1.0" encoding="UTF-8"?>
<!-- Generated by org.testng.reporters.JUnitReportReporter -->
<testsuite hostname="Dell-i37-9Z1F2P2-w11x64" failures="0" tests="3" name="RetryingTheFailedTestMethods_using_TestNGFailedxmlFile.TestScript" time="0.089" errors="0" timestamp="2025-03-31T13:57:59 IST" skipped="0">
  <testcase classname="RetryingTheFailedTestMethods_using_TestNGFailedxmlFile.TestScript" name="testMethod1" time="0.039"/>
  <testcase classname="RetryingTheFailedTestMethods_using_TestNGFailedxmlFile.TestScript" name="testMethod3" time="0.045"/>
  <testcase classname="RetryingTheFailedTestMethods_using_TestNGFailedxmlFile.TestScript" name="testMethod5" time="0.005"/>
</testsuite> <!-- RetryingTheFailedTestMethods_using_TestNGFailedxmlFile.TestScript -->
