<?xml version="1.0" encoding="UTF-8"?>
<!-- Generated by org.testng.reporters.JUnitReportReporter -->
<testsuite hostname="Dell-i37-9Z1F2P2-w11x64" failures="0" tests="10" name="TestNG_Features.E14_ThreadPullSize" time="0.089" errors="0" timestamp="2025-03-29T13:49:46 IST" skipped="0">
  <testcase classname="TestNG_Features.E14_ThreadPullSize" name="testThreadPools" time="0.007"/>
  <testcase classname="TestNG_Features.E14_ThreadPullSize" name="testThreadPools" time="0.007"/>
  <testcase classname="TestNG_Features.E14_ThreadPullSize" name="testThreadPools" time="0.025"/>
  <testcase classname="TestNG_Features.E14_ThreadPullSize" name="testThreadPools" time="0.003"/>
  <testcase classname="TestNG_Features.E14_ThreadPullSize" name="testThreadPools" time="0.004"/>
  <testcase classname="TestNG_Features.E14_ThreadPullSize" name="testThreadPools" time="0.003"/>
  <testcase classname="TestNG_Features.E14_ThreadPullSize" name="testThreadPools" time="0.006"/>
  <testcase classname="TestNG_Features.E14_ThreadPullSize" name="testThreadPools" time="0.005"/>
  <testcase classname="TestNG_Features.E14_ThreadPullSize" name="testThreadPools" time="0.025"/>
  <testcase classname="TestNG_Features.E14_ThreadPullSize" name="testThreadPools" time="0.004"/>
</testsuite> <!-- TestNG_Features.E14_ThreadPullSize -->
