<?xml version="1.0" encoding="UTF-8"?>
<!-- Generated by org.testng.reporters.JUnitReportReporter -->
<testsuite hostname="Dell-i37-9Z1F2P2-w11x64" failures="0" tests="2" name="TestNG_Features.E13_timeOut" time="0.040" errors="0" timestamp="2025-03-23T09:05:21 IST" skipped="0">
  <testcase classname="TestNG_Features.E13_timeOut" name="userLogin" time="0.036">
    <system-out>
      <![CDATA[userLogin() is executing]]>
    </system-out>
  </testcase> <!-- userLogin -->
  <testcase classname="TestNG_Features.E13_timeOut" name="userReg" time="0.004">
    <system-out>
      <![CDATA[userReg() is executing]]>
    </system-out>
  </testcase> <!-- userReg -->
  <system-out>
    <![CDATA[userLogin() is executing
userReg() is executing]]>
  </system-out>
</testsuite> <!-- TestNG_Features.E13_timeOut -->
