<?xml version="1.0" encoding="UTF-8"?>
<!-- Generated by org.testng.reporters.JUnitReportReporter -->
<testsuite hostname="Dell-i37-9Z1F2P2-w11x64" failures="0" tests="1" name="TestNG_Features.E12_FileUpload_using_sendKeys" time="24.874" errors="0" timestamp="2025-03-23T09:01:24 IST" skipped="0">
  <testcase classname="TestNG_Features.E12_FileUpload_using_sendKeys" name="fileUploadUsingSendKeys" time="24.874"/>
</testsuite> <!-- TestNG_Features.E12_FileUpload_using_sendKeys -->
