<?xml version="1.0" encoding="UTF-8"?>
<!-- Generated by org.testng.reporters.JUnitReportReporter -->
<testsuite hostname="Dell-i37-9Z1F2P2-w11x64" failures="0" tests="7" name="TestNG_Features.E15_InvocationCount" time="0.154" errors="0" timestamp="2025-03-29T12:44:47 IST" skipped="0">
  <testcase classname="TestNG_Features.E15_InvocationCount" name="testMethod" time="0.014"/>
  <testcase classname="TestNG_Features.E15_InvocationCount" name="testMethod" time="0.006"/>
  <testcase classname="TestNG_Features.E15_InvocationCount" name="testMethod" time="0.011"/>
  <testcase classname="TestNG_Features.E15_InvocationCount" name="testMethod" time="0.044"/>
  <testcase classname="TestNG_Features.E15_InvocationCount" name="testMethod" time="0.061"/>
  <testcase classname="TestNG_Features.E15_InvocationCount" name="testMethod" time="0.005"/>
  <testcase classname="TestNG_Features.E15_InvocationCount" name="testMethod" time="0.013"/>
</testsuite> <!-- TestNG_Features.E15_InvocationCount -->
