<?xml version="1.0" encoding="UTF-8"?>
<!-- Generated by org.testng.reporters.JUnitReportReporter -->
<testsuite hostname="Dell-i37-9Z1F2P2-w11x64" failures="0" tests="1" name="PassParameters_through_xmlFile.OrangeHRM_Login" time="8.025" errors="0" timestamp="2025-03-30T08:05:14 IST" skipped="0">
  <testcase classname="PassParameters_through_xmlFile.OrangeHRM_Login" name="loginTest" time="8.025"/>
</testsuite> <!-- PassParameters_through_xmlFile.OrangeHRM_Login -->
