<?xml version="1.0" encoding="UTF-8"?>
<!-- Generated by org.testng.reporters.JUnitReportReporter -->
<testsuite hostname="Dell-i37-9Z1F2P2-w11x64" failures="0" tests="1" name="ExtentReports_V5.T001_AccountRegistration" time="16.495" errors="0" timestamp="2025-04-01T22:00:58 IST" skipped="0">
  <testcase classname="ExtentReports_V5.T001_AccountRegistration" name="verify_account_registration" time="16.495"/>
</testsuite> <!-- ExtentReports_V5.T001_AccountRegistration -->
