<?xml version="1.0" encoding="UTF-8"?>
<!-- Generated by org.testng.reporters.JUnitReportReporter -->
<testsuite hostname="Dell-i37-9Z1F2P2-w11x64" failures="0" tests="1" name="ExtentReports_v5.TC001_AccountRegistrationTest" time="12.152" errors="0" timestamp="2025-04-01T13:47:32 IST" skipped="1">
  <testcase classname="ExtentReports_v5.TC001_AccountRegistrationTest" name="verify_account_registration" time="12.152">
    <skipped/>
  </testcase> <!-- verify_account_registration -->
</testsuite> <!-- ExtentReports_v5.TC001_AccountRegistrationTest -->
