<?xml version="1.0" encoding="UTF-8"?>
<!-- Generated by org.testng.reporters.JUnitReportReporter -->
<testsuite hostname="Dell-i37-9Z1F2P2-w11x64" failures="0" tests="1" name="L2.T001_AccountRegistration2" time="0.055" errors="0" timestamp="2025-04-02T14:35:34 IST" skipped="0">
  <testcase classname="L2.T001_AccountRegistration2" name="accountRegistration" time="0.055"/>
</testsuite> <!-- L2.T001_AccountRegistration2 -->
