<?xml version="1.0" encoding="UTF-8"?>
<!-- Generated by org.testng.reporters.JUnitReportReporter -->
<testsuite hostname="Dell-i37-9Z1F2P2-w11x64" failures="0" tests="1" name="CrossBrowserTesting.CrossBrowserTesting_Practice" time="7.975" errors="0" timestamp="2025-03-30T08:43:28 IST" skipped="0">
  <testcase classname="CrossBrowserTesting.CrossBrowserTesting_Practice" name="loginTest" time="7.975"/>
</testsuite> <!-- CrossBrowserTesting.CrossBrowserTesting_Practice -->
