<?xml version="1.0" encoding="UTF-8"?>
<!-- Generated by org.testng.reporters.JUnitReportReporter -->
<testsuite hostname="Dell-i37-9Z1F2P2-w11x64" failures="0" tests="3" name="TestNG_Features.TestFactory" time="0.052" errors="0" timestamp="2025-03-23T08:11:53 IST" skipped="0">
  <testcase classname="TestNG_Features.TestFactory" name="testMethod" time="0.003"/>
  <testcase classname="TestNG_Features.TestFactory" name="testMethod" time="0.009"/>
  <testcase classname="TestNG_Features.TestFactory" name="testMethod" time="0.040"/>
</testsuite> <!-- TestNG_Features.TestFactory -->
