<?xml version="1.0" encoding="UTF-8"?>
<!-- Generated by org.testng.reporters.JUnitReportReporter -->
<testsuite hostname="Dell-i37-9Z1F2P2-w11x64" failures="0" tests="1" name="ParallelExecution.Class01" time="129.099" errors="0" timestamp="2025-03-29T14:43:19 IST" skipped="0">
  <testcase classname="ParallelExecution.Class01" name="method1" time="129.099"/>
</testsuite> <!-- ParallelExecution.Class01 -->
