<?xml version="1.0" encoding="UTF-8"?>
<!-- Generated by org.testng.reporters.JUnitReportReporter -->
<testsuite hostname="Dell-i37-9Z1F2P2-w11x64" failures="0" tests="3" name="TestNG_Features.E11_FactoryAnnotation" time="0.035" errors="0" timestamp="2025-03-23T08:34:47 IST" skipped="0">
  <testcase classname="TestNG_Features.E11_FactoryAnnotation" name="testMethod" time="0.018"/>
  <testcase classname="TestNG_Features.E11_FactoryAnnotation" name="testMethod" time="0.003"/>
  <testcase classname="TestNG_Features.E11_FactoryAnnotation" name="testMethod" time="0.014"/>
</testsuite> <!-- TestNG_Features.E11_FactoryAnnotation -->
