<?xml version="1.0" encoding="UTF-8"?>
<!-- Generated by org.testng.reporters.JUnitReportReporter -->
<testsuite hostname="Dell-i37-9Z1F2P2-w11x64" failures="0" tests="1" name="HTMLUnitDriver_Practice.HTMLUnit" time="4.626" errors="0" timestamp="2025-06-03T18:55:22 IST" skipped="0">
  <testcase classname="HTMLUnitDriver_Practice.HTMLUnit" name="headLessBrowserTest" time="4.626"/>
</testsuite> <!-- HTMLUnitDriver_Practice.HTMLUnit -->
