<?xml version="1.0" encoding="UTF-8"?>
<!-- Generated by org.testng.reporters.JUnitReportReporter -->
<testsuite hostname="Dell-i37-9Z1F2P2-w11x64" failures="0" tests="1" name="testCases.TC002_LoginTest" time="4.741" errors="0" timestamp="2024-12-20T18:21:27 IST" skipped="0">
  <testcase classname="testCases.TC002_LoginTest" name="verify_login" time="4.741"/>
</testsuite> <!-- testCases.TC002_LoginTest -->
