<?xml version="1.0" encoding="UTF-8"?>
<!-- Generated by org.testng.reporters.JUnitReportReporter -->
<testsuite hostname="Dell-i37-9Z1F2P2-w11x64" failures="0" tests="1" name="testCases.TC001_AccountRegistrationTest" time="17.485" errors="0" timestamp="2024-12-28T21:59:28 IST" skipped="0">
  <testcase classname="testCases.TC001_AccountRegistrationTest" name="verify_account_registration" time="17.485"/>
</testsuite> <!-- testCases.TC001_AccountRegistrationTest -->
