<?xml version="1.0" encoding="UTF-8"?>
<!-- Generated by org.testng.reporters.JUnitReportReporter -->
<testsuite hostname="Dell-i37-9Z1F2P2-w11x64" failures="0" tests="1" name="testCases.TC001_AccountRegistrationTest" time="5.445" errors="0" timestamp="2025-04-11T14:31:18 IST" skipped="0">
  <testcase classname="testCases.TC001_AccountRegistrationTest" name="verify_account_registration" time="5.445"/>
</testsuite> <!-- testCases.TC001_AccountRegistrationTest -->
