<?xml version="1.0" encoding="UTF-8"?>
<!-- Generated by org.testng.reporters.JUnitReportReporter -->
<testsuite hostname="Dell-i37-9Z1F2P2-w11x64" failures="0" tests="1" name="testCases.TC002_LoginTest" time="9.203" errors="0" timestamp="2024-12-28T21:59:28 IST" skipped="0">
  <testcase classname="testCases.TC002_LoginTest" name="verify_login" time="9.203"/>
</testsuite> <!-- testCases.TC002_LoginTest -->
