<?xml version="1.0" encoding="UTF-8"?>
<!-- Generated by org.testng.reporters.JUnitReportReporter -->
<testsuite hostname="DESKTOP-C8DN33F" failures="0" tests="1" name="sample.pack.ExtentDemo" time="7.741" errors="0" timestamp="2021-08-21T12:34:32 IST" skipped="0">
  <testcase classname="sample.pack.ExtentDemo" name="titleTest" time="7.741"/>
  <system-out/>
</testsuite> <!-- sample.pack.ExtentDemo -->
