<?xml version="1.0" encoding="UTF-8"?>
<!-- Generated by org.testng.reporters.JUnitReportReporter -->
<testsuite hostname="Dell-i37-9Z1F2P2-w11x64" failures="0" tests="1" name="sample.pack.ExtentDemo" time="28.648" errors="0" timestamp="2023-12-08T18:11:16 IST" skipped="0">
  <testcase classname="sample.pack.ExtentDemo" name="titleTest" time="28.648"/>
  <system-out/>
</testsuite> <!-- sample.pack.ExtentDemo -->
