<?xml version="1.0" encoding="UTF-8"?>
<!-- Generated by org.testng.reporters.JUnitReportReporter -->
<testsuite hostname="Dell-i37-9Z1F2P2-w11x64" failures="0" tests="1" name="sample.pack.ExtentDemo" time="8.311" errors="0" timestamp="2023-12-01T13:02:30 IST" skipped="0">
  <testcase classname="sample.pack.ExtentDemo" name="titleTest" time="8.311"/>
  <system-out/>
</testsuite> <!-- sample.pack.ExtentDemo -->
