<?xml version="1.0" encoding="UTF-8"?>
<!-- Generated by org.testng.reporters.JUnitReportReporter -->
<testsuite hostname="DESKTOP-S2A13D3" name="com.OHRM.TestScripts.LoginTest" tests="1" failures="0" timestamp="7 Nov 2019 06:12:54 GMT" time="17.353" errors="0">
  <testcase name="login" time="17.353" classname="com.OHRM.TestScripts.LoginTest"/>
</testsuite> <!-- com.OHRM.TestScripts.LoginTest -->
