<?xml version="1.0" encoding="UTF-8"?>
<!-- Generated by org.testng.reporters.JUnitReportReporter -->
<testsuite hostname="DESKTOP-S2A13D3" name="com.OHRM.TestScripts.MercuryTours_Exc" tests="1" failures="0" timestamp="13 Sep 2019 15:08:50 GMT" time="97.883" errors="0">
  <testcase name="login" time="97.883" classname="com.OHRM.TestScripts.MercuryTours_Exc"/>
</testsuite> <!-- com.OHRM.TestScripts.MercuryTours_Exc -->
