<?xml version="1.0" encoding="UTF-8"?>
<!-- Generated by org.testng.reporters.JUnitReportReporter -->
<testsuite hostname="DESKTOP-C8DN33F" failures="0" tests="1" name="com.inetbanking.testCases.TC_LoginTest_001" time="4.332" errors="0" timestamp="19 Nov 2021 13:39:28 GMT" skipped="0">
  <testcase classname="com.inetbanking.testCases.TC_LoginTest_001" name="loginTest" time="4.332"/>
</testsuite> <!-- com.inetbanking.testCases.TC_LoginTest_001 -->
