<?xml version="1.0" encoding="UTF-8"?>
<!-- Generated by org.testng.reporters.JUnitReportReporter -->
<testsuite hostname="Dell-i37-9Z1F2P2-w11x64" failures="0" tests="6" name="TestNG_Ex.E4_Assigning_NegetivePriority_toTestMethods" time="0.096" errors="0" timestamp="2025-03-21T07:39:31 IST" skipped="0">
  <testcase classname="TestNG_Ex.E4_Assigning_NegetivePriority_toTestMethods" name="testA2" time="0.069"/>
  <testcase classname="TestNG_Ex.E4_Assigning_NegetivePriority_toTestMethods" name="testA3" time="0.007"/>
  <testcase classname="TestNG_Ex.E4_Assigning_NegetivePriority_toTestMethods" name="testA1" time="0.006"/>
  <testcase classname="TestNG_Ex.E4_Assigning_NegetivePriority_toTestMethods" name="testB" time="0.004"/>
  <testcase classname="TestNG_Ex.E4_Assigning_NegetivePriority_toTestMethods" name="testC" time="0.005"/>
  <testcase classname="TestNG_Ex.E4_Assigning_NegetivePriority_toTestMethods" name="testD" time="0.005"/>
</testsuite> <!-- TestNG_Ex.E4_Assigning_NegetivePriority_toTestMethods -->
