<?xml version="1.0" encoding="UTF-8"?>
<!-- Generated by org.testng.reporters.JUnitReportReporter -->
<testsuite hostname="Dell-i37-9Z1F2P2-w11x64" failures="0" tests="3" name="TestNG_Ex.E3_PriorityIsNotSpecifiedToTestMethods" time="0.031" errors="0" timestamp="2025-03-21T07:28:04 IST" skipped="0">
  <testcase classname="TestNG_Ex.E3_PriorityIsNotSpecifiedToTestMethods" name="testA" time="0.024"/>
  <testcase classname="TestNG_Ex.E3_PriorityIsNotSpecifiedToTestMethods" name="testC" time="0.003"/>
  <testcase classname="TestNG_Ex.E3_PriorityIsNotSpecifiedToTestMethods" name="testB" time="0.004"/>
</testsuite> <!-- TestNG_Ex.E3_PriorityIsNotSpecifiedToTestMethods -->
