<?xml version="1.0" encoding="UTF-8"?>
<!-- Generated by org.testng.reporters.JUnitReportReporter -->
<testsuite hostname="Dell-i37-9Z1F2P2-w11x64" failures="0" tests="1" name="TestNG_Ex.E1_Log_inConsole" time="0.045" errors="0" timestamp="2025-03-21T07:06:25 IST" skipped="0">
  <testcase classname="TestNG_Ex.E1_Log_inConsole" name="userLogin" time="0.045">
    <system-out>
      <![CDATA[@This statement can print in HTML report only
@This statement can print in both HTML report & console only]]>
    </system-out>
  </testcase> <!-- userLogin -->
  <system-out>
    <![CDATA[@This statement can print in HTML report only
@This statement can print in both HTML report & console only]]>
  </system-out>
</testsuite> <!-- TestNG_Ex.E1_Log_inConsole -->
