<?xml version="1.0" encoding="UTF-8"?>
<!-- Generated by org.testng.reporters.JUnitReportReporter -->
<testsuite hostname="Dell-i37-9Z1F2P2-w11x64" failures="0" tests="2" name="TestNG_Ex.E2_Priority" time="0.071" errors="0" timestamp="2025-03-21T07:24:13 IST" skipped="0">
  <testcase classname="TestNG_Ex.E2_Priority" name="regFun" time="0.065">
    <system-out>
      <![CDATA[Registration functionality is done]]>
    </system-out>
  </testcase> <!-- regFun -->
  <testcase classname="TestNG_Ex.E2_Priority" name="userLogin" time="0.006">
    <system-out>
      <![CDATA[Login functionality is done]]>
    </system-out>
  </testcase> <!-- userLogin -->
  <system-out>
    <![CDATA[Registration functionality is done
Login functionality is done]]>
  </system-out>
</testsuite> <!-- TestNG_Ex.E2_Priority -->
