<?xml version="1.0" encoding="UTF-8"?>
<!-- Generated by org.testng.reporters.JUnitReportReporter -->
<testsuite skipped="0" hostname="DESKTOP-S2A13D3" name="maventest.pack.DemoTest" tests="1" failures="0" timestamp="2020-02-08T18:13:53 IST" time="30.728" errors="0">
  <testcase name="setUp" time="30.728" classname="maventest.pack.DemoTest"/>
</testsuite> <!-- maventest.pack.DemoTest -->
